#
# There is insufficient memory for the Java Runtime Environment to continue.
# Native memory allocation (mmap) failed to map 3670016 bytes for card table expansion
# Possible reasons:
#   The system is out of physical RAM or swap space
#   In 32 bit mode, the process size limit was hit
# Possible solutions:
#   Reduce memory load on the system
#   Increase physical memory or swap space
#   Check if swap backing store is full
#   Use 64 bit Java on a 64 bit OS
#   Decrease Java heap size (-Xmx/-Xms)
#   Decrease number of Java threads
#   Decrease Java thread stack sizes (-Xss)
#   Set larger code cache with -XX:ReservedCodeCacheSize=
# This output file may be truncated or incomplete.
#
#  Out of Memory Error (os_windows.cpp:3331), pid=7288, tid=0x0000000000001680
#
# JRE version:  (8.0_144-b01) (build )
# Java VM: Java HotSpot(TM) 64-Bit Server VM (25.144-b01 mixed mode windows-amd64 compressed oops)
# Failed to write core dump. Minidumps are not enabled by default on client versions of Windows
#

---------------  T H R E A D  ---------------

Current thread (0x0000000001eef000):  JavaThread "Unknown thread" [_thread_in_vm, id=5760, stack(0x00000000021a0000,0x00000000022a0000)]

Stack: [0x00000000021a0000,0x00000000022a0000]
[error occurred during error reporting (printing stack bounds), id 0xc0000005]

Native frames: (J=compiled Java code, j=interpreted, Vv=VM code, C=native code)


---------------  P R O C E S S  ---------------

Java Threads: ( => current thread )

Other Threads:

=>0x0000000001eef000 (exited) JavaThread "Unknown thread" [_thread_in_vm, id=5760, stack(0x00000000021a0000,0x00000000022a0000)]

VM state:not at safepoint (not fully initialized)

VM Mutex/Monitor currently owned by a thread: None

GC Heap History (0 events):
No events

Deoptimization events (0 events):
No events

Internal exceptions (0 events):
No events

Events (0 events):
No events


Dynamic libraries:
0x000000013ff30000 - 0x000000013ff67000 	E:\cygwinx86\usr\local\jdk1.8.0_144\bin\java.exe
0x0000000076d50000 - 0x0000000076efa000 	C:\Windows\SYSTEM32\ntdll.dll
0x0000000076b30000 - 0x0000000076c4f000 	C:\Windows\system32\kernel32.dll
0x000007fefcd10000 - 0x000007fefcd7a000 	C:\Windows\system32\KERNELBASE.dll
0x000007fefe860000 - 0x000007fefe93b000 	C:\Windows\system32\ADVAPI32.dll
0x000007fefefc0000 - 0x000007feff05f000 	C:\Windows\system32\msvcrt.dll
0x000007fefec60000 - 0x000007fefec7f000 	C:\Windows\SYSTEM32\sechost.dll
0x000007fefcf20000 - 0x000007fefd04d000 	C:\Windows\system32\RPCRT4.dll
0x0000000076c50000 - 0x0000000076d4a000 	C:\Windows\system32\USER32.dll
0x000007fefeb90000 - 0x000007fefebf7000 	C:\Windows\system32\GDI32.dll
0x000007fefd380000 - 0x000007fefd38e000 	C:\Windows\system32\LPK.dll
0x000007fefe400000 - 0x000007fefe4cb000 	C:\Windows\system32\USP10.dll
0x000007fefb120000 - 0x000007fefb314000 	C:\Windows\WinSxS\amd64_microsoft.windows.common-controls_6595b64144ccf1df_6.0.7601.18837_none_fa3b1e3d17594757\COMCTL32.dll
0x000007fefe5e0000 - 0x000007fefe651000 	C:\Windows\system32\SHLWAPI.dll
0x000007fefec80000 - 0x000007fefecae000 	C:\Windows\system32\IMM32.DLL
0x000007fefe4d0000 - 0x000007fefe5d9000 	C:\Windows\system32\MSCTF.dll
0x0000000072410000 - 0x00000000724e2000 	E:\cygwinx86\usr\local\jdk1.8.0_144\jre\bin\msvcr100.dll
0x000000006e170000 - 0x000000006ea0d000 	E:\cygwinx86\usr\local\jdk1.8.0_144\jre\bin\server\jvm.dll
0x000007fef82d0000 - 0x000007fef82d9000 	C:\Windows\system32\WSOCK32.dll
0x000007fefe940000 - 0x000007fefe98d000 	C:\Windows\system32\WS2_32.dll
0x000007fefe3f0000 - 0x000007fefe3f8000 	C:\Windows\system32\NSI.dll
0x000007fefad30000 - 0x000007fefad6b000 	C:\Windows\system32\WINMM.dll
0x000007fefb960000 - 0x000007fefb96c000 	C:\Windows\system32\VERSION.dll
0x0000000076f20000 - 0x0000000076f27000 	C:\Windows\system32\PSAPI.DLL
0x0000000073770000 - 0x000000007377f000 	E:\cygwinx86\usr\local\jdk1.8.0_144\jre\bin\verify.dll
0x0000000073740000 - 0x0000000073769000 	E:\cygwinx86\usr\local\jdk1.8.0_144\jre\bin\java.dll
0x0000000073720000 - 0x0000000073736000 	E:\cygwinx86\usr\local\jdk1.8.0_144\jre\bin\zip.dll

VM Arguments:
jvm_args: -Djava.util.logging.config.file=E:\cygwinx86\usr\local\syncope-standalone-2.0.6\apache-tomcat-8.5.23/conf/logging.properties -Djava.util.logging.manager=org.apache.juli.ClassLoaderLogManager -Djava.awt.headless=true -Dfile.encoding=UTF-8 -Xms2048m -Xmx2048m -XX:NewSize=256m -XX:MaxNewSize=256m -XX:PermSize=256m -XX:MaxPermSize=256m -XX:+DisableExplicitGC -DCATALINA_HOME=/usr/local/syncope-standalone-2.0.6/apache-tomcat-8.5.23 -Djdk.tls.ephemeralDHKeySize=2048 -Djava.protocol.handler.pkgs=org.apache.catalina.webresources -Dcatalina.base=E:\cygwinx86\usr\local\syncope-standalone-2.0.6\apache-tomcat-8.5.23 -Dcatalina.home=E:\cygwinx86\usr\local\syncope-standalone-2.0.6\apache-tomcat-8.5.23 -Djava.io.tmpdir=E:\cygwinx86\usr\local\syncope-standalone-2.0.6\apache-tomcat-8.5.23\temp 
java_command: org.apache.catalina.startup.Bootstrap start
java_class_path (initial): E:\cygwinx86\usr\local\syncope-standalone-2.0.6\apache-tomcat-8.5.23\bin\bootstrap.jar;E:\cygwinx86\usr\local\syncope-standalone-2.0.6\apache-tomcat-8.5.23\bin\tomcat-juli.jar
Launcher Type: SUN_STANDARD

Environment Variables:
JAVA_HOME=E:\cygwinx86\usr\local\jdk1.8.0_144
PATH=E:\cygwinx86\usr\local\bin;E:\cygwinx86\bin;C:\Program Files (x86)\Common Files\Microsoft Shared\Windows Live;C:\ProgramData\Oracle\Java\javapath;C:\Windows\system32;C:\Windows;C:\Windows\System32\Wbem;C:\Windows\System32\WindowsPowerShell\v1.0;C:\Program Files (x86)\NVIDIA Corporation\PhysX\Common;%JAVA_HOME%\bin;%M2_HOME%\bin;%GRADLE_HOME%\bin;C:\Windows\syswow64\config\systemprofile\.dnx\bin;C:\Program Files\Microsoft DNX\Dnvm;C:\Program Files\Microsoft SQL Server\130\Tools\Binn;C:\Program Files\nodejs;C:\Program Files (x86)\Microsoft SQL Server\100\Tools\Binn;C:\Program Files\Microsoft SQL Server\100\Tools\Binn;C:\Program Files\Microsoft SQL Server\100\DTS\Binn;C:\HashiCorp\Vagrant\bin;C:\Program Files\Git\cmd;C:\Program Files\MySQL\MySQL Utilities 1.6;C:\Program Files\PuTTY;C:\Ruby24-x64\bin;C:\Program Files\Common Files\Microsoft Shared\Windows Live;C:\Users\CDSTAR\AppData\Roaming\npm;C:\Program Files\Docker Toolbox;E:\cygwinx86\usr\X11R6\bin;E:\cygwinx86\lib\lapack;E:\cygwinx86\usr\local\jdk1.8.0_144\bin;E:\cygwinx86\usr\local\apache-maven\bin;E:\cygwinx86\usr\local\gradle\bin;C:\Program Files\nodejs
USERNAME=CDSTAR
SHELL=/bin/bash
OS=Windows_NT
PROCESSOR_IDENTIFIER=Intel64 Family 6 Model 15 Stepping 6, GenuineIntel



---------------  S Y S T E M  ---------------

OS: Windows 7 , 64 bit Build 7601 (6.1.7601.23915)

CPU:total 2 (initial active 2) (2 cores per cpu, 1 threads per core) family 6 model 15 stepping 6, cmov, cx8, fxsr, mmx, sse, sse2, sse3, ssse3, tsc

Memory: 4k page, physical 4193528k(228820k free), swap 12634316k(1643304k free)

vm_info: Java HotSpot(TM) 64-Bit Server VM (25.144-b01) for windows-amd64 JRE (1.8.0_144-b01), built on Jul 21 2017 21:57:33 by "java_re" with MS VC++ 10.0 (VS2010)

time: Sun Nov 05 20:17:16 2017
elapsed time: 2 seconds (0d 0h 0m 2s)

