06-Nov-2017 08:12:58.497 INFO [main] org.apache.catalina.startup.VersionLoggerListener.log Server version:        Apache Tomcat/8.5.23
06-Nov-2017 08:12:58.636 INFO [main] org.apache.catalina.startup.VersionLoggerListener.log Server built:          Sep 28 2017 10:30:11 UTC
06-Nov-2017 08:12:58.636 INFO [main] org.apache.catalina.startup.VersionLoggerListener.log Server number:         8.5.23.0
06-Nov-2017 08:12:58.636 INFO [main] org.apache.catalina.startup.VersionLoggerListener.log OS Name:               Windows 7
06-Nov-2017 08:12:58.636 INFO [main] org.apache.catalina.startup.VersionLoggerListener.log OS Version:            6.1
06-Nov-2017 08:12:58.636 INFO [main] org.apache.catalina.startup.VersionLoggerListener.log Architecture:          amd64
06-Nov-2017 08:12:58.637 INFO [main] org.apache.catalina.startup.VersionLoggerListener.log Java Home:             E:\cygwinx86\usr\local\jdk1.8.0_144\jre
06-Nov-2017 08:12:58.639 INFO [main] org.apache.catalina.startup.VersionLoggerListener.log JVM Version:           1.8.0_144-b01
06-Nov-2017 08:12:58.640 INFO [main] org.apache.catalina.startup.VersionLoggerListener.log JVM Vendor:            Oracle Corporation
06-Nov-2017 08:12:58.640 INFO [main] org.apache.catalina.startup.VersionLoggerListener.log CATALINA_BASE:         E:\cygwinx86\usr\local\syncope-standalone-2.0.6\apache-tomcat-8.5.23
06-Nov-2017 08:12:58.640 INFO [main] org.apache.catalina.startup.VersionLoggerListener.log CATALINA_HOME:         E:\cygwinx86\usr\local\syncope-standalone-2.0.6\apache-tomcat-8.5.23
06-Nov-2017 08:12:58.641 INFO [main] org.apache.catalina.startup.VersionLoggerListener.log Command line argument: -Djava.util.logging.config.file=E:\cygwinx86\usr\local\syncope-standalone-2.0.6\apache-tomcat-8.5.23/conf/logging.properties
06-Nov-2017 08:12:58.641 INFO [main] org.apache.catalina.startup.VersionLoggerListener.log Command line argument: -Djava.util.logging.manager=org.apache.juli.ClassLoaderLogManager
06-Nov-2017 08:12:58.641 INFO [main] org.apache.catalina.startup.VersionLoggerListener.log Command line argument: -Djava.awt.headless=true
06-Nov-2017 08:12:58.641 INFO [main] org.apache.catalina.startup.VersionLoggerListener.log Command line argument: -Dfile.encoding=UTF-8
06-Nov-2017 08:12:58.641 INFO [main] org.apache.catalina.startup.VersionLoggerListener.log Command line argument: -Xms2048m
06-Nov-2017 08:12:58.642 INFO [main] org.apache.catalina.startup.VersionLoggerListener.log Command line argument: -Xmx2048m
06-Nov-2017 08:12:58.642 INFO [main] org.apache.catalina.startup.VersionLoggerListener.log Command line argument: -XX:NewSize=256m
06-Nov-2017 08:12:58.642 INFO [main] org.apache.catalina.startup.VersionLoggerListener.log Command line argument: -XX:MaxNewSize=256m
06-Nov-2017 08:12:58.642 INFO [main] org.apache.catalina.startup.VersionLoggerListener.log Command line argument: -XX:PermSize=256m
06-Nov-2017 08:12:58.642 INFO [main] org.apache.catalina.startup.VersionLoggerListener.log Command line argument: -XX:MaxPermSize=256m
06-Nov-2017 08:12:58.643 INFO [main] org.apache.catalina.startup.VersionLoggerListener.log Command line argument: -XX:+DisableExplicitGC
06-Nov-2017 08:12:58.643 INFO [main] org.apache.catalina.startup.VersionLoggerListener.log Command line argument: -DCATALINA_HOME=/usr/local/syncope-standalone-2.0.6/apache-tomcat-8.5.23
06-Nov-2017 08:12:58.643 INFO [main] org.apache.catalina.startup.VersionLoggerListener.log Command line argument: -Djdk.tls.ephemeralDHKeySize=2048
06-Nov-2017 08:12:58.643 INFO [main] org.apache.catalina.startup.VersionLoggerListener.log Command line argument: -Djava.protocol.handler.pkgs=org.apache.catalina.webresources
06-Nov-2017 08:12:58.643 INFO [main] org.apache.catalina.startup.VersionLoggerListener.log Command line argument: -Dcatalina.base=E:\cygwinx86\usr\local\syncope-standalone-2.0.6\apache-tomcat-8.5.23
06-Nov-2017 08:12:58.643 INFO [main] org.apache.catalina.startup.VersionLoggerListener.log Command line argument: -Dcatalina.home=E:\cygwinx86\usr\local\syncope-standalone-2.0.6\apache-tomcat-8.5.23
06-Nov-2017 08:12:58.643 INFO [main] org.apache.catalina.startup.VersionLoggerListener.log Command line argument: -Djava.io.tmpdir=E:\cygwinx86\usr\local\syncope-standalone-2.0.6\apache-tomcat-8.5.23\temp
06-Nov-2017 08:12:58.644 INFO [main] org.apache.catalina.core.AprLifecycleListener.lifecycleEvent The APR based Apache Tomcat Native library which allows optimal performance in production environments was not found on the java.library.path: [E:\cygwinx86\usr\local\jdk1.8.0_144\bin;C:\Windows\Sun\Java\bin;C:\Windows\system32;C:\Windows;E:\cygwinx86\usr\local\bin;E:\cygwinx86\bin;C:\Program Files (x86)\Common Files\Microsoft Shared\Windows Live;C:\ProgramData\Oracle\Java\javapath;C:\Windows\system32;C:\Windows;C:\Windows\System32\Wbem;C:\Windows\System32\WindowsPowerShell\v1.0;C:\Program Files (x86)\NVIDIA Corporation\PhysX\Common;%JAVA_HOME%\bin;%M2_HOME%\bin;%GRADLE_HOME%\bin;C:\Windows\syswow64\config\systemprofile\.dnx\bin;C:\Program Files\Microsoft DNX\Dnvm;C:\Program Files\Microsoft SQL Server\130\Tools\Binn;C:\Program Files\nodejs;C:\Program Files (x86)\Microsoft SQL Server\100\Tools\Binn;C:\Program Files\Microsoft SQL Server\100\Tools\Binn;C:\Program Files\Microsoft SQL Server\100\DTS\Binn;C:\HashiCorp\Vagrant\bin;C:\Program Files\Git\cmd;C:\Program Files\MySQL\MySQL Utilities 1.6;C:\Program Files\PuTTY;C:\Ruby24-x64\bin;C:\Program Files\Common Files\Microsoft Shared\Windows Live;C:\Users\CDSTAR\AppData\Roaming\npm;C:\Program Files\Docker Toolbox;E:\cygwinx86\usr\X11R6\bin;E:\cygwinx86\lib\lapack;E:\cygwinx86\usr\local\jdk1.8.0_144\bin;E:\cygwinx86\usr\local\apache-maven\bin;E:\cygwinx86\usr\local\gradle\bin;C:\Program Files\nodejs;.]
06-Nov-2017 08:13:01.250 INFO [main] org.apache.coyote.AbstractProtocol.init Initializing ProtocolHandler ["http-nio-9080"]
06-Nov-2017 08:13:04.433 INFO [main] org.apache.tomcat.util.net.NioSelectorPool.getSharedSelector Using a shared selector for servlet write/read
06-Nov-2017 08:13:04.438 INFO [main] org.apache.coyote.AbstractProtocol.init Initializing ProtocolHandler ["ajp-nio-9889"]
06-Nov-2017 08:13:04.443 INFO [main] org.apache.tomcat.util.net.NioSelectorPool.getSharedSelector Using a shared selector for servlet write/read
06-Nov-2017 08:13:04.443 INFO [main] org.apache.catalina.startup.Catalina.load Initialization processed in 13773 ms
06-Nov-2017 08:13:04.944 INFO [main] org.apache.catalina.core.StandardService.startInternal Starting service [Catalina]
06-Nov-2017 08:13:04.945 INFO [main] org.apache.catalina.core.StandardEngine.startInternal Starting Servlet Engine: Apache Tomcat/8.5.23
06-Nov-2017 08:13:05.286 INFO [localhost-startStop-1] org.apache.catalina.startup.HostConfig.deployWAR Deploying web application archive [E:\cygwinx86\usr\local\syncope-standalone-2.0.6\apache-tomcat-8.5.23\webapps\syncope-fit-build-tools.war]
06-Nov-2017 08:13:11.008 WARNING [localhost-startStop-1] org.apache.catalina.webresources.Cache.enforceObjectMaxSizeLimit The value of [512]kB for objectMaxSize is larger than the limit of maxSize/20 so has been reduced to [0]kB
06-Nov-2017 08:14:40.956 INFO [localhost-startStop-1] org.apache.jasper.servlet.TldScanner.scanJars At least one JAR was scanned for TLDs yet contained no TLDs. Enable debug logging for this logger for a complete list of JARs that were scanned but no TLDs were found in them. Skipping unneeded JARs during scanning can improve startup time and JSP compilation time.
06-Nov-2017 08:14:53.327 INFO [localhost-startStop-1] org.apache.cxf.wsdl.service.factory.ReflectionServiceFactoryBean.buildServiceFromClass Creating Service {http://cxf.buildtools.fit.syncope.apache.org/}Provisioning from class net.tirasa.connid.bundles.soap.provisioning.interfaces.Provisioning
06-Nov-2017 08:14:55.901 INFO [localhost-startStop-1] org.apache.cxf.endpoint.ServerImpl.initDestination Setting the server's publish address to be /soap
06-Nov-2017 08:14:56.251 INFO [localhost-startStop-1] org.apache.cxf.endpoint.ServerImpl.initDestination Setting the server's publish address to be /rest
06-Nov-2017 08:15:16.282 INFO [localhost-startStop-1] org.apache.catalina.startup.HostConfig.deployWAR Deployment of web application archive [E:\cygwinx86\usr\local\syncope-standalone-2.0.6\apache-tomcat-8.5.23\webapps\syncope-fit-build-tools.war] has finished in [130,996] ms
06-Nov-2017 08:15:16.432 INFO [localhost-startStop-1] org.apache.catalina.startup.HostConfig.deployDirectory Deploying web application directory [E:\cygwinx86\usr\local\syncope-standalone-2.0.6\apache-tomcat-8.5.23\webapps\host-manager]
06-Nov-2017 08:15:19.077 WARNING [localhost-startStop-1] org.apache.catalina.webresources.Cache.enforceObjectMaxSizeLimit The value of [512]kB for objectMaxSize is larger than the limit of maxSize/20 so has been reduced to [0]kB
06-Nov-2017 08:15:20.826 INFO [localhost-startStop-1] org.apache.jasper.servlet.TldScanner.scanJars At least one JAR was scanned for TLDs yet contained no TLDs. Enable debug logging for this logger for a complete list of JARs that were scanned but no TLDs were found in them. Skipping unneeded JARs during scanning can improve startup time and JSP compilation time.
06-Nov-2017 08:15:20.834 INFO [localhost-startStop-1] org.apache.catalina.startup.HostConfig.deployDirectory Deployment of web application directory [E:\cygwinx86\usr\local\syncope-standalone-2.0.6\apache-tomcat-8.5.23\webapps\host-manager] has finished in [4,402] ms
06-Nov-2017 08:15:20.834 INFO [localhost-startStop-1] org.apache.catalina.startup.HostConfig.deployDirectory Deploying web application directory [E:\cygwinx86\usr\local\syncope-standalone-2.0.6\apache-tomcat-8.5.23\webapps\manager]
06-Nov-2017 08:15:20.886 WARNING [localhost-startStop-1] org.apache.catalina.webresources.Cache.enforceObjectMaxSizeLimit The value of [512]kB for objectMaxSize is larger than the limit of maxSize/20 so has been reduced to [0]kB
06-Nov-2017 08:15:23.424 INFO [localhost-startStop-1] org.apache.jasper.servlet.TldScanner.scanJars At least one JAR was scanned for TLDs yet contained no TLDs. Enable debug logging for this logger for a complete list of JARs that were scanned but no TLDs were found in them. Skipping unneeded JARs during scanning can improve startup time and JSP compilation time.
06-Nov-2017 08:15:23.600 INFO [localhost-startStop-1] org.apache.catalina.startup.HostConfig.deployDirectory Deployment of web application directory [E:\cygwinx86\usr\local\syncope-standalone-2.0.6\apache-tomcat-8.5.23\webapps\manager] has finished in [2,766] ms
06-Nov-2017 08:15:23.600 INFO [localhost-startStop-1] org.apache.catalina.startup.HostConfig.deployDirectory Deploying web application directory [E:\cygwinx86\usr\local\syncope-standalone-2.0.6\apache-tomcat-8.5.23\webapps\ROOT]
06-Nov-2017 08:15:23.611 WARNING [localhost-startStop-1] org.apache.catalina.webresources.Cache.enforceObjectMaxSizeLimit The value of [512]kB for objectMaxSize is larger than the limit of maxSize/20 so has been reduced to [0]kB
06-Nov-2017 08:15:26.777 INFO [localhost-startStop-1] org.apache.jasper.servlet.TldScanner.scanJars At least one JAR was scanned for TLDs yet contained no TLDs. Enable debug logging for this logger for a complete list of JARs that were scanned but no TLDs were found in them. Skipping unneeded JARs during scanning can improve startup time and JSP compilation time.
06-Nov-2017 08:15:26.783 INFO [localhost-startStop-1] org.apache.catalina.startup.HostConfig.deployDirectory Deployment of web application directory [E:\cygwinx86\usr\local\syncope-standalone-2.0.6\apache-tomcat-8.5.23\webapps\ROOT] has finished in [3,183] ms
06-Nov-2017 08:15:26.783 INFO [localhost-startStop-1] org.apache.catalina.startup.HostConfig.deployDirectory Deploying web application directory [E:\cygwinx86\usr\local\syncope-standalone-2.0.6\apache-tomcat-8.5.23\webapps\syncope]
06-Nov-2017 08:15:27.749 WARNING [localhost-startStop-1] org.apache.catalina.webresources.Cache.enforceObjectMaxSizeLimit The value of [512]kB for objectMaxSize is larger than the limit of maxSize/20 so has been reduced to [0]kB
06-Nov-2017 08:16:22.801 INFO [localhost-startStop-1] org.apache.jasper.servlet.TldScanner.scanJars At least one JAR was scanned for TLDs yet contained no TLDs. Enable debug logging for this logger for a complete list of JARs that were scanned but no TLDs were found in them. Skipping unneeded JARs during scanning can improve startup time and JSP compilation time.
06-Nov-2017 08:17:37.303 INFO [localhost-startStop-1] org.apache.catalina.startup.HostConfig.deployDirectory Deployment of web application directory [E:\cygwinx86\usr\local\syncope-standalone-2.0.6\apache-tomcat-8.5.23\webapps\syncope] has finished in [130,519] ms
06-Nov-2017 08:17:37.303 INFO [localhost-startStop-1] org.apache.catalina.startup.HostConfig.deployDirectory Deploying web application directory [E:\cygwinx86\usr\local\syncope-standalone-2.0.6\apache-tomcat-8.5.23\webapps\syncope-console]
06-Nov-2017 08:17:40.830 WARNING [localhost-startStop-1] org.apache.catalina.webresources.Cache.enforceObjectMaxSizeLimit The value of [512]kB for objectMaxSize is larger than the limit of maxSize/20 so has been reduced to [0]kB
06-Nov-2017 08:17:59.847 INFO [localhost-startStop-1] org.apache.jasper.servlet.TldScanner.scanJars At least one JAR was scanned for TLDs yet contained no TLDs. Enable debug logging for this logger for a complete list of JARs that were scanned but no TLDs were found in them. Skipping unneeded JARs during scanning can improve startup time and JSP compilation time.
06-Nov-2017 08:18:26.626 INFO [localhost-startStop-1] org.apache.catalina.startup.HostConfig.deployDirectory Deployment of web application directory [E:\cygwinx86\usr\local\syncope-standalone-2.0.6\apache-tomcat-8.5.23\webapps\syncope-console] has finished in [49,323] ms
06-Nov-2017 08:18:26.626 INFO [localhost-startStop-1] org.apache.catalina.startup.HostConfig.deployDirectory Deploying web application directory [E:\cygwinx86\usr\local\syncope-standalone-2.0.6\apache-tomcat-8.5.23\webapps\syncope-enduser]
06-Nov-2017 08:18:28.040 WARNING [localhost-startStop-1] org.apache.catalina.webresources.Cache.enforceObjectMaxSizeLimit The value of [512]kB for objectMaxSize is larger than the limit of maxSize/20 so has been reduced to [0]kB
06-Nov-2017 08:18:36.378 INFO [localhost-startStop-1] org.apache.jasper.servlet.TldScanner.scanJars At least one JAR was scanned for TLDs yet contained no TLDs. Enable debug logging for this logger for a complete list of JARs that were scanned but no TLDs were found in them. Skipping unneeded JARs during scanning can improve startup time and JSP compilation time.
06-Nov-2017 08:18:40.578 INFO [localhost-startStop-1] org.apache.catalina.startup.HostConfig.deployDirectory Deployment of web application directory [E:\cygwinx86\usr\local\syncope-standalone-2.0.6\apache-tomcat-8.5.23\webapps\syncope-enduser] has finished in [13,951] ms
06-Nov-2017 08:18:40.584 INFO [main] org.apache.coyote.AbstractProtocol.start Starting ProtocolHandler ["http-nio-9080"]
06-Nov-2017 08:18:40.599 INFO [main] org.apache.coyote.AbstractProtocol.start Starting ProtocolHandler ["ajp-nio-9889"]
06-Nov-2017 08:18:40.602 INFO [main] org.apache.catalina.startup.Catalina.start Server startup in 336155 ms
06-Nov-2017 10:49:20.174 INFO [main] org.apache.catalina.startup.VersionLoggerListener.log Server version:        Apache Tomcat/8.5.23
06-Nov-2017 10:49:20.225 INFO [main] org.apache.catalina.startup.VersionLoggerListener.log Server built:          Sep 28 2017 10:30:11 UTC
06-Nov-2017 10:49:20.226 INFO [main] org.apache.catalina.startup.VersionLoggerListener.log Server number:         8.5.23.0
06-Nov-2017 10:49:20.226 INFO [main] org.apache.catalina.startup.VersionLoggerListener.log OS Name:               Windows 7
06-Nov-2017 10:49:20.226 INFO [main] org.apache.catalina.startup.VersionLoggerListener.log OS Version:            6.1
06-Nov-2017 10:49:20.226 INFO [main] org.apache.catalina.startup.VersionLoggerListener.log Architecture:          amd64
06-Nov-2017 10:49:20.226 INFO [main] org.apache.catalina.startup.VersionLoggerListener.log Java Home:             E:\cygwinx86\usr\local\jdk1.8.0_144\jre
06-Nov-2017 10:49:20.228 INFO [main] org.apache.catalina.startup.VersionLoggerListener.log JVM Version:           1.8.0_144-b01
06-Nov-2017 10:49:20.228 INFO [main] org.apache.catalina.startup.VersionLoggerListener.log JVM Vendor:            Oracle Corporation
06-Nov-2017 10:49:20.229 INFO [main] org.apache.catalina.startup.VersionLoggerListener.log CATALINA_BASE:         E:\cygwinx86\usr\local\syncope-standalone-2.0.6\apache-tomcat-8.5.23
06-Nov-2017 10:49:20.229 INFO [main] org.apache.catalina.startup.VersionLoggerListener.log CATALINA_HOME:         E:\cygwinx86\usr\local\syncope-standalone-2.0.6\apache-tomcat-8.5.23
06-Nov-2017 10:49:20.229 INFO [main] org.apache.catalina.startup.VersionLoggerListener.log Command line argument: -Djava.util.logging.config.file=E:\cygwinx86\usr\local\syncope-standalone-2.0.6\apache-tomcat-8.5.23/conf/logging.properties
06-Nov-2017 10:49:20.229 INFO [main] org.apache.catalina.startup.VersionLoggerListener.log Command line argument: -Djava.util.logging.manager=org.apache.juli.ClassLoaderLogManager
06-Nov-2017 10:49:20.230 INFO [main] org.apache.catalina.startup.VersionLoggerListener.log Command line argument: -Djava.awt.headless=true
06-Nov-2017 10:49:20.230 INFO [main] org.apache.catalina.startup.VersionLoggerListener.log Command line argument: -Dfile.encoding=UTF-8
06-Nov-2017 10:49:20.230 INFO [main] org.apache.catalina.startup.VersionLoggerListener.log Command line argument: -Xms2048m
06-Nov-2017 10:49:20.230 INFO [main] org.apache.catalina.startup.VersionLoggerListener.log Command line argument: -Xmx2048m
06-Nov-2017 10:49:20.230 INFO [main] org.apache.catalina.startup.VersionLoggerListener.log Command line argument: -XX:NewSize=256m
06-Nov-2017 10:49:20.230 INFO [main] org.apache.catalina.startup.VersionLoggerListener.log Command line argument: -XX:MaxNewSize=256m
06-Nov-2017 10:49:20.230 INFO [main] org.apache.catalina.startup.VersionLoggerListener.log Command line argument: -XX:PermSize=256m
06-Nov-2017 10:49:20.231 INFO [main] org.apache.catalina.startup.VersionLoggerListener.log Command line argument: -XX:MaxPermSize=256m
06-Nov-2017 10:49:20.231 INFO [main] org.apache.catalina.startup.VersionLoggerListener.log Command line argument: -XX:+DisableExplicitGC
06-Nov-2017 10:49:20.231 INFO [main] org.apache.catalina.startup.VersionLoggerListener.log Command line argument: -DCATALINA_HOME=/usr/local/syncope-standalone-2.0.6/apache-tomcat-8.5.23
06-Nov-2017 10:49:20.231 INFO [main] org.apache.catalina.startup.VersionLoggerListener.log Command line argument: -Djdk.tls.ephemeralDHKeySize=2048
06-Nov-2017 10:49:20.231 INFO [main] org.apache.catalina.startup.VersionLoggerListener.log Command line argument: -Djava.protocol.handler.pkgs=org.apache.catalina.webresources
06-Nov-2017 10:49:20.231 INFO [main] org.apache.catalina.startup.VersionLoggerListener.log Command line argument: -Dcatalina.base=E:\cygwinx86\usr\local\syncope-standalone-2.0.6\apache-tomcat-8.5.23
06-Nov-2017 10:49:20.231 INFO [main] org.apache.catalina.startup.VersionLoggerListener.log Command line argument: -Dcatalina.home=E:\cygwinx86\usr\local\syncope-standalone-2.0.6\apache-tomcat-8.5.23
06-Nov-2017 10:49:20.231 INFO [main] org.apache.catalina.startup.VersionLoggerListener.log Command line argument: -Djava.io.tmpdir=E:\cygwinx86\usr\local\syncope-standalone-2.0.6\apache-tomcat-8.5.23\temp
06-Nov-2017 10:49:20.232 INFO [main] org.apache.catalina.core.AprLifecycleListener.lifecycleEvent The APR based Apache Tomcat Native library which allows optimal performance in production environments was not found on the java.library.path: [E:\cygwinx86\usr\local\jdk1.8.0_144\bin;C:\Windows\Sun\Java\bin;C:\Windows\system32;C:\Windows;E:\cygwinx86\usr\local\bin;E:\cygwinx86\bin;C:\Program Files (x86)\Common Files\Microsoft Shared\Windows Live;C:\ProgramData\Oracle\Java\javapath;C:\Windows\system32;C:\Windows;C:\Windows\System32\Wbem;C:\Windows\System32\WindowsPowerShell\v1.0;C:\Program Files (x86)\NVIDIA Corporation\PhysX\Common;%JAVA_HOME%\bin;%M2_HOME%\bin;%GRADLE_HOME%\bin;C:\Windows\syswow64\config\systemprofile\.dnx\bin;C:\Program Files\Microsoft DNX\Dnvm;C:\Program Files\Microsoft SQL Server\130\Tools\Binn;C:\Program Files\nodejs;C:\Program Files (x86)\Microsoft SQL Server\100\Tools\Binn;C:\Program Files\Microsoft SQL Server\100\Tools\Binn;C:\Program Files\Microsoft SQL Server\100\DTS\Binn;C:\HashiCorp\Vagrant\bin;C:\Program Files\Git\cmd;C:\Program Files\MySQL\MySQL Utilities 1.6;C:\Program Files\PuTTY;C:\Ruby24-x64\bin;C:\Program Files\Common Files\Microsoft Shared\Windows Live;C:\Users\CDSTAR\AppData\Roaming\npm;C:\Program Files\Docker Toolbox;E:\cygwinx86\usr\X11R6\bin;E:\cygwinx86\lib\lapack;E:\cygwinx86\usr\local\jdk1.8.0_144\bin;E:\cygwinx86\usr\local\apache-maven\bin;E:\cygwinx86\usr\local\gradle\bin;C:\Program Files\nodejs;.]
06-Nov-2017 10:49:22.900 INFO [main] org.apache.coyote.AbstractProtocol.init Initializing ProtocolHandler ["http-nio-9080"]
06-Nov-2017 10:49:24.223 INFO [main] org.apache.tomcat.util.net.NioSelectorPool.getSharedSelector Using a shared selector for servlet write/read
06-Nov-2017 10:49:24.250 INFO [main] org.apache.coyote.AbstractProtocol.init Initializing ProtocolHandler ["ajp-nio-9889"]
06-Nov-2017 10:49:24.257 INFO [main] org.apache.tomcat.util.net.NioSelectorPool.getSharedSelector Using a shared selector for servlet write/read
06-Nov-2017 10:49:24.257 INFO [main] org.apache.catalina.startup.Catalina.load Initialization processed in 8447 ms
06-Nov-2017 10:49:24.465 INFO [main] org.apache.catalina.core.StandardService.startInternal Starting service [Catalina]
06-Nov-2017 10:49:24.465 INFO [main] org.apache.catalina.core.StandardEngine.startInternal Starting Servlet Engine: Apache Tomcat/8.5.23
06-Nov-2017 10:49:24.791 INFO [localhost-startStop-1] org.apache.catalina.startup.HostConfig.deployWAR Deploying web application archive [E:\cygwinx86\usr\local\syncope-standalone-2.0.6\apache-tomcat-8.5.23\webapps\syncope-fit-build-tools.war]
06-Nov-2017 10:49:32.928 WARNING [localhost-startStop-1] org.apache.catalina.webresources.Cache.enforceObjectMaxSizeLimit The value of [512]kB for objectMaxSize is larger than the limit of maxSize/20 so has been reduced to [0]kB
06-Nov-2017 10:50:54.105 INFO [localhost-startStop-1] org.apache.jasper.servlet.TldScanner.scanJars At least one JAR was scanned for TLDs yet contained no TLDs. Enable debug logging for this logger for a complete list of JARs that were scanned but no TLDs were found in them. Skipping unneeded JARs during scanning can improve startup time and JSP compilation time.
06-Nov-2017 10:51:08.183 INFO [localhost-startStop-1] org.apache.cxf.wsdl.service.factory.ReflectionServiceFactoryBean.buildServiceFromClass Creating Service {http://cxf.buildtools.fit.syncope.apache.org/}Provisioning from class net.tirasa.connid.bundles.soap.provisioning.interfaces.Provisioning
06-Nov-2017 10:51:11.039 INFO [localhost-startStop-1] org.apache.cxf.endpoint.ServerImpl.initDestination Setting the server's publish address to be /soap
06-Nov-2017 10:51:11.564 INFO [localhost-startStop-1] org.apache.cxf.endpoint.ServerImpl.initDestination Setting the server's publish address to be /rest
06-Nov-2017 10:52:46.944 INFO [localhost-startStop-1] org.apache.catalina.startup.HostConfig.deployWAR Deployment of web application archive [E:\cygwinx86\usr\local\syncope-standalone-2.0.6\apache-tomcat-8.5.23\webapps\syncope-fit-build-tools.war] has finished in [202,153] ms
06-Nov-2017 10:52:46.997 INFO [localhost-startStop-1] org.apache.catalina.startup.HostConfig.deployDirectory Deploying web application directory [E:\cygwinx86\usr\local\syncope-standalone-2.0.6\apache-tomcat-8.5.23\webapps\host-manager]
06-Nov-2017 10:52:47.090 WARNING [localhost-startStop-1] org.apache.catalina.webresources.Cache.enforceObjectMaxSizeLimit The value of [512]kB for objectMaxSize is larger than the limit of maxSize/20 so has been reduced to [0]kB
06-Nov-2017 10:53:06.262 INFO [localhost-startStop-1] org.apache.jasper.servlet.TldScanner.scanJars At least one JAR was scanned for TLDs yet contained no TLDs. Enable debug logging for this logger for a complete list of JARs that were scanned but no TLDs were found in them. Skipping unneeded JARs during scanning can improve startup time and JSP compilation time.
06-Nov-2017 10:53:06.319 INFO [localhost-startStop-1] org.apache.catalina.startup.HostConfig.deployDirectory Deployment of web application directory [E:\cygwinx86\usr\local\syncope-standalone-2.0.6\apache-tomcat-8.5.23\webapps\host-manager] has finished in [19,323] ms
06-Nov-2017 10:53:06.320 INFO [localhost-startStop-1] org.apache.catalina.startup.HostConfig.deployDirectory Deploying web application directory [E:\cygwinx86\usr\local\syncope-standalone-2.0.6\apache-tomcat-8.5.23\webapps\manager]
06-Nov-2017 10:53:06.427 WARNING [localhost-startStop-1] org.apache.catalina.webresources.Cache.enforceObjectMaxSizeLimit The value of [512]kB for objectMaxSize is larger than the limit of maxSize/20 so has been reduced to [0]kB
06-Nov-2017 10:53:08.061 INFO [localhost-startStop-1] org.apache.jasper.servlet.TldScanner.scanJars At least one JAR was scanned for TLDs yet contained no TLDs. Enable debug logging for this logger for a complete list of JARs that were scanned but no TLDs were found in them. Skipping unneeded JARs during scanning can improve startup time and JSP compilation time.
06-Nov-2017 10:53:08.065 INFO [localhost-startStop-1] org.apache.catalina.startup.HostConfig.deployDirectory Deployment of web application directory [E:\cygwinx86\usr\local\syncope-standalone-2.0.6\apache-tomcat-8.5.23\webapps\manager] has finished in [1,745] ms
06-Nov-2017 10:53:08.066 INFO [localhost-startStop-1] org.apache.catalina.startup.HostConfig.deployDirectory Deploying web application directory [E:\cygwinx86\usr\local\syncope-standalone-2.0.6\apache-tomcat-8.5.23\webapps\ROOT]
06-Nov-2017 10:53:08.098 WARNING [localhost-startStop-1] org.apache.catalina.webresources.Cache.enforceObjectMaxSizeLimit The value of [512]kB for objectMaxSize is larger than the limit of maxSize/20 so has been reduced to [0]kB
06-Nov-2017 10:53:09.568 INFO [localhost-startStop-1] org.apache.jasper.servlet.TldScanner.scanJars At least one JAR was scanned for TLDs yet contained no TLDs. Enable debug logging for this logger for a complete list of JARs that were scanned but no TLDs were found in them. Skipping unneeded JARs during scanning can improve startup time and JSP compilation time.
06-Nov-2017 10:53:09.571 INFO [localhost-startStop-1] org.apache.catalina.startup.HostConfig.deployDirectory Deployment of web application directory [E:\cygwinx86\usr\local\syncope-standalone-2.0.6\apache-tomcat-8.5.23\webapps\ROOT] has finished in [1,505] ms
06-Nov-2017 10:53:09.571 INFO [localhost-startStop-1] org.apache.catalina.startup.HostConfig.deployDirectory Deploying web application directory [E:\cygwinx86\usr\local\syncope-standalone-2.0.6\apache-tomcat-8.5.23\webapps\syncope]
06-Nov-2017 10:53:25.634 WARNING [localhost-startStop-1] org.apache.catalina.webresources.Cache.enforceObjectMaxSizeLimit The value of [512]kB for objectMaxSize is larger than the limit of maxSize/20 so has been reduced to [0]kB
06-Nov-2017 10:55:23.691 INFO [localhost-startStop-1] org.apache.jasper.servlet.TldScanner.scanJars At least one JAR was scanned for TLDs yet contained no TLDs. Enable debug logging for this logger for a complete list of JARs that were scanned but no TLDs were found in them. Skipping unneeded JARs during scanning can improve startup time and JSP compilation time.
06-Nov-2017 10:57:19.565 INFO [localhost-startStop-1] org.apache.catalina.startup.HostConfig.deployDirectory Deployment of web application directory [E:\cygwinx86\usr\local\syncope-standalone-2.0.6\apache-tomcat-8.5.23\webapps\syncope] has finished in [249,993] ms
06-Nov-2017 10:57:19.565 INFO [localhost-startStop-1] org.apache.catalina.startup.HostConfig.deployDirectory Deploying web application directory [E:\cygwinx86\usr\local\syncope-standalone-2.0.6\apache-tomcat-8.5.23\webapps\syncope-console]
06-Nov-2017 10:57:23.259 WARNING [localhost-startStop-1] org.apache.catalina.webresources.Cache.enforceObjectMaxSizeLimit The value of [512]kB for objectMaxSize is larger than the limit of maxSize/20 so has been reduced to [0]kB
06-Nov-2017 10:57:48.979 INFO [localhost-startStop-1] org.apache.jasper.servlet.TldScanner.scanJars At least one JAR was scanned for TLDs yet contained no TLDs. Enable debug logging for this logger for a complete list of JARs that were scanned but no TLDs were found in them. Skipping unneeded JARs during scanning can improve startup time and JSP compilation time.
06-Nov-2017 10:58:14.050 INFO [localhost-startStop-1] org.apache.catalina.startup.HostConfig.deployDirectory Deployment of web application directory [E:\cygwinx86\usr\local\syncope-standalone-2.0.6\apache-tomcat-8.5.23\webapps\syncope-console] has finished in [54,485] ms
06-Nov-2017 10:58:14.050 INFO [localhost-startStop-1] org.apache.catalina.startup.HostConfig.deployDirectory Deploying web application directory [E:\cygwinx86\usr\local\syncope-standalone-2.0.6\apache-tomcat-8.5.23\webapps\syncope-enduser]
06-Nov-2017 10:58:16.396 WARNING [localhost-startStop-1] org.apache.catalina.webresources.Cache.enforceObjectMaxSizeLimit The value of [512]kB for objectMaxSize is larger than the limit of maxSize/20 so has been reduced to [0]kB
06-Nov-2017 10:58:24.307 INFO [localhost-startStop-1] org.apache.jasper.servlet.TldScanner.scanJars At least one JAR was scanned for TLDs yet contained no TLDs. Enable debug logging for this logger for a complete list of JARs that were scanned but no TLDs were found in them. Skipping unneeded JARs during scanning can improve startup time and JSP compilation time.
06-Nov-2017 10:58:28.899 INFO [localhost-startStop-1] org.apache.catalina.startup.HostConfig.deployDirectory Deployment of web application directory [E:\cygwinx86\usr\local\syncope-standalone-2.0.6\apache-tomcat-8.5.23\webapps\syncope-enduser] has finished in [14,849] ms
06-Nov-2017 10:58:29.063 INFO [main] org.apache.coyote.AbstractProtocol.start Starting ProtocolHandler ["http-nio-9080"]
06-Nov-2017 10:58:29.221 INFO [main] org.apache.coyote.AbstractProtocol.start Starting ProtocolHandler ["ajp-nio-9889"]
06-Nov-2017 10:58:29.225 INFO [main] org.apache.catalina.startup.Catalina.start Server startup in 544962 ms
