08-Nov-2017 18:59:48.284 INFO [main] org.apache.catalina.startup.VersionLoggerListener.log Server version:        Apache Tomcat/8.5.23
08-Nov-2017 18:59:48.289 INFO [main] org.apache.catalina.startup.VersionLoggerListener.log Server built:          Sep 28 2017 10:30:11 UTC
08-Nov-2017 18:59:48.289 INFO [main] org.apache.catalina.startup.VersionLoggerListener.log Server number:         8.5.23.0
08-Nov-2017 18:59:48.289 INFO [main] org.apache.catalina.startup.VersionLoggerListener.log OS Name:               Windows 7
08-Nov-2017 18:59:48.290 INFO [main] org.apache.catalina.startup.VersionLoggerListener.log OS Version:            6.1
08-Nov-2017 18:59:48.290 INFO [main] org.apache.catalina.startup.VersionLoggerListener.log Architecture:          amd64
08-Nov-2017 18:59:48.290 INFO [main] org.apache.catalina.startup.VersionLoggerListener.log Java Home:             E:\cygwinx86\usr\local\jdk1.8.0_144\jre
08-Nov-2017 18:59:48.290 INFO [main] org.apache.catalina.startup.VersionLoggerListener.log JVM Version:           1.8.0_144-b01
08-Nov-2017 18:59:48.290 INFO [main] org.apache.catalina.startup.VersionLoggerListener.log JVM Vendor:            Oracle Corporation
08-Nov-2017 18:59:48.292 INFO [main] org.apache.catalina.startup.VersionLoggerListener.log CATALINA_BASE:         E:\cygwinx86\usr\local\syncope-standalone-2.0.6\apache-tomcat-8.5.23
08-Nov-2017 18:59:48.292 INFO [main] org.apache.catalina.startup.VersionLoggerListener.log CATALINA_HOME:         E:\cygwinx86\usr\local\syncope-standalone-2.0.6\apache-tomcat-8.5.23
08-Nov-2017 18:59:48.293 INFO [main] org.apache.catalina.startup.VersionLoggerListener.log Command line argument: -Djava.util.logging.config.file=E:\cygwinx86\usr\local\syncope-standalone-2.0.6\apache-tomcat-8.5.23/conf/logging.properties
08-Nov-2017 18:59:48.293 INFO [main] org.apache.catalina.startup.VersionLoggerListener.log Command line argument: -Djava.util.logging.manager=org.apache.juli.ClassLoaderLogManager
08-Nov-2017 18:59:48.293 INFO [main] org.apache.catalina.startup.VersionLoggerListener.log Command line argument: -Djava.awt.headless=true
08-Nov-2017 18:59:48.294 INFO [main] org.apache.catalina.startup.VersionLoggerListener.log Command line argument: -Dfile.encoding=UTF-8
08-Nov-2017 18:59:48.294 INFO [main] org.apache.catalina.startup.VersionLoggerListener.log Command line argument: -Xms2048m
08-Nov-2017 18:59:48.294 INFO [main] org.apache.catalina.startup.VersionLoggerListener.log Command line argument: -Xmx2048m
08-Nov-2017 18:59:48.295 INFO [main] org.apache.catalina.startup.VersionLoggerListener.log Command line argument: -XX:NewSize=256m
08-Nov-2017 18:59:48.295 INFO [main] org.apache.catalina.startup.VersionLoggerListener.log Command line argument: -XX:MaxNewSize=256m
08-Nov-2017 18:59:48.295 INFO [main] org.apache.catalina.startup.VersionLoggerListener.log Command line argument: -XX:PermSize=256m
08-Nov-2017 18:59:48.295 INFO [main] org.apache.catalina.startup.VersionLoggerListener.log Command line argument: -XX:MaxPermSize=256m
08-Nov-2017 18:59:48.296 INFO [main] org.apache.catalina.startup.VersionLoggerListener.log Command line argument: -XX:+DisableExplicitGC
08-Nov-2017 18:59:48.296 INFO [main] org.apache.catalina.startup.VersionLoggerListener.log Command line argument: -DCATALINA_HOME=/usr/local/syncope-standalone-2.0.6/apache-tomcat-8.5.23
08-Nov-2017 18:59:48.296 INFO [main] org.apache.catalina.startup.VersionLoggerListener.log Command line argument: -Djdk.tls.ephemeralDHKeySize=2048
08-Nov-2017 18:59:48.296 INFO [main] org.apache.catalina.startup.VersionLoggerListener.log Command line argument: -Djava.protocol.handler.pkgs=org.apache.catalina.webresources
08-Nov-2017 18:59:48.296 INFO [main] org.apache.catalina.startup.VersionLoggerListener.log Command line argument: -Dcatalina.base=E:\cygwinx86\usr\local\syncope-standalone-2.0.6\apache-tomcat-8.5.23
08-Nov-2017 18:59:48.296 INFO [main] org.apache.catalina.startup.VersionLoggerListener.log Command line argument: -Dcatalina.home=E:\cygwinx86\usr\local\syncope-standalone-2.0.6\apache-tomcat-8.5.23
08-Nov-2017 18:59:48.296 INFO [main] org.apache.catalina.startup.VersionLoggerListener.log Command line argument: -Djava.io.tmpdir=E:\cygwinx86\usr\local\syncope-standalone-2.0.6\apache-tomcat-8.5.23\temp
08-Nov-2017 18:59:48.297 INFO [main] org.apache.catalina.core.AprLifecycleListener.lifecycleEvent The APR based Apache Tomcat Native library which allows optimal performance in production environments was not found on the java.library.path: [E:\cygwinx86\usr\local\jdk1.8.0_144\bin;C:\Windows\Sun\Java\bin;C:\Windows\system32;C:\Windows;E:\cygwinx86\usr\local\bin;E:\cygwinx86\bin;C:\Program Files (x86)\Common Files\Microsoft Shared\Windows Live;C:\ProgramData\Oracle\Java\javapath;C:\Windows\system32;C:\Windows;C:\Windows\System32\Wbem;C:\Windows\System32\WindowsPowerShell\v1.0;C:\Program Files (x86)\NVIDIA Corporation\PhysX\Common;%JAVA_HOME%\bin;%M2_HOME%\bin;%GRADLE_HOME%\bin;C:\Windows\syswow64\config\systemprofile\.dnx\bin;C:\Program Files\Microsoft DNX\Dnvm;C:\Program Files\Microsoft SQL Server\130\Tools\Binn;C:\Program Files\nodejs;C:\Program Files (x86)\Microsoft SQL Server\100\Tools\Binn;C:\Program Files\Microsoft SQL Server\100\Tools\Binn;C:\Program Files\Microsoft SQL Server\100\DTS\Binn;C:\HashiCorp\Vagrant\bin;C:\Program Files\Git\cmd;C:\Program Files\MySQL\MySQL Utilities 1.6;C:\Program Files\PuTTY;E:\grails-version\grails-3.3.1\bin;C:\Ruby24-x64\bin;C:\Program Files\Common Files\Microsoft Shared\Windows Live;C:\Users\CDSTAR\AppData\Roaming\npm;C:\Program Files\Docker Toolbox;E:\cygwinx86\usr\X11R6\bin;E:\cygwinx86\lib\lapack;E:\cygwinx86\usr\local\jdk1.8.0_144\bin;E:\cygwinx86\usr\local\apache-maven\bin;E:\cygwinx86\usr\local\gradle\bin;C:\Program Files\nodejs;E:\cygwinx86\bin;E:\cygwinx86\usr\local\bin;E:\cygwinx86\usr\sbin;E:\cygwinx86\sbin;.]
08-Nov-2017 18:59:48.752 INFO [main] org.apache.coyote.AbstractProtocol.init Initializing ProtocolHandler ["http-nio-9080"]
08-Nov-2017 18:59:49.186 INFO [main] org.apache.tomcat.util.net.NioSelectorPool.getSharedSelector Using a shared selector for servlet write/read
08-Nov-2017 18:59:49.190 INFO [main] org.apache.coyote.AbstractProtocol.init Initializing ProtocolHandler ["ajp-nio-9889"]
08-Nov-2017 18:59:49.193 INFO [main] org.apache.tomcat.util.net.NioSelectorPool.getSharedSelector Using a shared selector for servlet write/read
08-Nov-2017 18:59:49.194 INFO [main] org.apache.catalina.startup.Catalina.load Initialization processed in 2245 ms
08-Nov-2017 18:59:49.339 INFO [main] org.apache.catalina.core.StandardService.startInternal Starting service [Catalina]
08-Nov-2017 18:59:49.339 INFO [main] org.apache.catalina.core.StandardEngine.startInternal Starting Servlet Engine: Apache Tomcat/8.5.23
08-Nov-2017 18:59:49.450 INFO [localhost-startStop-1] org.apache.catalina.startup.HostConfig.deployWAR Deploying web application archive [E:\cygwinx86\usr\local\syncope-standalone-2.0.6\apache-tomcat-8.5.23\webapps\syncope-fit-build-tools.war]
08-Nov-2017 18:59:50.489 WARNING [localhost-startStop-1] org.apache.catalina.webresources.Cache.enforceObjectMaxSizeLimit The value of [512]kB for objectMaxSize is larger than the limit of maxSize/20 so has been reduced to [0]kB
08-Nov-2017 19:00:00.933 INFO [localhost-startStop-1] org.apache.jasper.servlet.TldScanner.scanJars At least one JAR was scanned for TLDs yet contained no TLDs. Enable debug logging for this logger for a complete list of JARs that were scanned but no TLDs were found in them. Skipping unneeded JARs during scanning can improve startup time and JSP compilation time.
08-Nov-2017 19:00:04.942 INFO [localhost-startStop-1] org.apache.cxf.wsdl.service.factory.ReflectionServiceFactoryBean.buildServiceFromClass Creating Service {http://cxf.buildtools.fit.syncope.apache.org/}Provisioning from class net.tirasa.connid.bundles.soap.provisioning.interfaces.Provisioning
08-Nov-2017 19:00:06.521 INFO [localhost-startStop-1] org.apache.cxf.endpoint.ServerImpl.initDestination Setting the server's publish address to be /soap
08-Nov-2017 19:00:06.870 INFO [localhost-startStop-1] org.apache.cxf.endpoint.ServerImpl.initDestination Setting the server's publish address to be /rest
08-Nov-2017 19:00:22.111 INFO [localhost-startStop-1] org.apache.catalina.startup.HostConfig.deployWAR Deployment of web application archive [E:\cygwinx86\usr\local\syncope-standalone-2.0.6\apache-tomcat-8.5.23\webapps\syncope-fit-build-tools.war] has finished in [32,661] ms
08-Nov-2017 19:00:22.115 INFO [localhost-startStop-1] org.apache.catalina.startup.HostConfig.deployDirectory Deploying web application directory [E:\cygwinx86\usr\local\syncope-standalone-2.0.6\apache-tomcat-8.5.23\webapps\host-manager]
08-Nov-2017 19:00:22.185 WARNING [localhost-startStop-1] org.apache.catalina.webresources.Cache.enforceObjectMaxSizeLimit The value of [512]kB for objectMaxSize is larger than the limit of maxSize/20 so has been reduced to [0]kB
08-Nov-2017 19:00:23.510 INFO [localhost-startStop-1] org.apache.jasper.servlet.TldScanner.scanJars At least one JAR was scanned for TLDs yet contained no TLDs. Enable debug logging for this logger for a complete list of JARs that were scanned but no TLDs were found in them. Skipping unneeded JARs during scanning can improve startup time and JSP compilation time.
08-Nov-2017 19:00:23.519 INFO [localhost-startStop-1] org.apache.catalina.startup.HostConfig.deployDirectory Deployment of web application directory [E:\cygwinx86\usr\local\syncope-standalone-2.0.6\apache-tomcat-8.5.23\webapps\host-manager] has finished in [1,404] ms
08-Nov-2017 19:00:23.520 INFO [localhost-startStop-1] org.apache.catalina.startup.HostConfig.deployDirectory Deploying web application directory [E:\cygwinx86\usr\local\syncope-standalone-2.0.6\apache-tomcat-8.5.23\webapps\manager]
08-Nov-2017 19:00:23.575 WARNING [localhost-startStop-1] org.apache.catalina.webresources.Cache.enforceObjectMaxSizeLimit The value of [512]kB for objectMaxSize is larger than the limit of maxSize/20 so has been reduced to [0]kB
08-Nov-2017 19:00:24.710 INFO [localhost-startStop-1] org.apache.jasper.servlet.TldScanner.scanJars At least one JAR was scanned for TLDs yet contained no TLDs. Enable debug logging for this logger for a complete list of JARs that were scanned but no TLDs were found in them. Skipping unneeded JARs during scanning can improve startup time and JSP compilation time.
08-Nov-2017 19:00:24.714 INFO [localhost-startStop-1] org.apache.catalina.startup.HostConfig.deployDirectory Deployment of web application directory [E:\cygwinx86\usr\local\syncope-standalone-2.0.6\apache-tomcat-8.5.23\webapps\manager] has finished in [1,195] ms
08-Nov-2017 19:00:24.714 INFO [localhost-startStop-1] org.apache.catalina.startup.HostConfig.deployDirectory Deploying web application directory [E:\cygwinx86\usr\local\syncope-standalone-2.0.6\apache-tomcat-8.5.23\webapps\ROOT]
08-Nov-2017 19:00:24.723 WARNING [localhost-startStop-1] org.apache.catalina.webresources.Cache.enforceObjectMaxSizeLimit The value of [512]kB for objectMaxSize is larger than the limit of maxSize/20 so has been reduced to [0]kB
08-Nov-2017 19:00:25.793 INFO [localhost-startStop-1] org.apache.jasper.servlet.TldScanner.scanJars At least one JAR was scanned for TLDs yet contained no TLDs. Enable debug logging for this logger for a complete list of JARs that were scanned but no TLDs were found in them. Skipping unneeded JARs during scanning can improve startup time and JSP compilation time.
08-Nov-2017 19:00:25.795 INFO [localhost-startStop-1] org.apache.catalina.startup.HostConfig.deployDirectory Deployment of web application directory [E:\cygwinx86\usr\local\syncope-standalone-2.0.6\apache-tomcat-8.5.23\webapps\ROOT] has finished in [1,081] ms
08-Nov-2017 19:00:25.796 INFO [localhost-startStop-1] org.apache.catalina.startup.HostConfig.deployDirectory Deploying web application directory [E:\cygwinx86\usr\local\syncope-standalone-2.0.6\apache-tomcat-8.5.23\webapps\syncope]
08-Nov-2017 19:00:28.631 WARNING [localhost-startStop-1] org.apache.catalina.webresources.Cache.enforceObjectMaxSizeLimit The value of [512]kB for objectMaxSize is larger than the limit of maxSize/20 so has been reduced to [0]kB
08-Nov-2017 19:00:46.319 INFO [localhost-startStop-1] org.apache.jasper.servlet.TldScanner.scanJars At least one JAR was scanned for TLDs yet contained no TLDs. Enable debug logging for this logger for a complete list of JARs that were scanned but no TLDs were found in them. Skipping unneeded JARs during scanning can improve startup time and JSP compilation time.
08-Nov-2017 19:02:18.199 INFO [localhost-startStop-1] org.apache.catalina.startup.HostConfig.deployDirectory Deployment of web application directory [E:\cygwinx86\usr\local\syncope-standalone-2.0.6\apache-tomcat-8.5.23\webapps\syncope] has finished in [112,403] ms
08-Nov-2017 19:02:18.200 INFO [localhost-startStop-1] org.apache.catalina.startup.HostConfig.deployDirectory Deploying web application directory [E:\cygwinx86\usr\local\syncope-standalone-2.0.6\apache-tomcat-8.5.23\webapps\syncope-console]
08-Nov-2017 19:02:21.033 WARNING [localhost-startStop-1] org.apache.catalina.webresources.Cache.enforceObjectMaxSizeLimit The value of [512]kB for objectMaxSize is larger than the limit of maxSize/20 so has been reduced to [0]kB
08-Nov-2017 19:02:38.410 INFO [localhost-startStop-1] org.apache.jasper.servlet.TldScanner.scanJars At least one JAR was scanned for TLDs yet contained no TLDs. Enable debug logging for this logger for a complete list of JARs that were scanned but no TLDs were found in them. Skipping unneeded JARs during scanning can improve startup time and JSP compilation time.
08-Nov-2017 19:02:59.371 INFO [localhost-startStop-1] org.apache.catalina.startup.HostConfig.deployDirectory Deployment of web application directory [E:\cygwinx86\usr\local\syncope-standalone-2.0.6\apache-tomcat-8.5.23\webapps\syncope-console] has finished in [41,171] ms
08-Nov-2017 19:02:59.372 INFO [localhost-startStop-1] org.apache.catalina.startup.HostConfig.deployDirectory Deploying web application directory [E:\cygwinx86\usr\local\syncope-standalone-2.0.6\apache-tomcat-8.5.23\webapps\syncope-enduser]
08-Nov-2017 19:03:03.256 WARNING [localhost-startStop-1] org.apache.catalina.webresources.Cache.enforceObjectMaxSizeLimit The value of [512]kB for objectMaxSize is larger than the limit of maxSize/20 so has been reduced to [0]kB
08-Nov-2017 19:03:18.207 INFO [localhost-startStop-1] org.apache.jasper.servlet.TldScanner.scanJars At least one JAR was scanned for TLDs yet contained no TLDs. Enable debug logging for this logger for a complete list of JARs that were scanned but no TLDs were found in them. Skipping unneeded JARs during scanning can improve startup time and JSP compilation time.
08-Nov-2017 19:03:23.403 INFO [localhost-startStop-1] org.apache.catalina.startup.HostConfig.deployDirectory Deployment of web application directory [E:\cygwinx86\usr\local\syncope-standalone-2.0.6\apache-tomcat-8.5.23\webapps\syncope-enduser] has finished in [24,031] ms
08-Nov-2017 19:03:23.445 INFO [main] org.apache.coyote.AbstractProtocol.start Starting ProtocolHandler ["http-nio-9080"]
08-Nov-2017 19:03:23.465 INFO [main] org.apache.coyote.AbstractProtocol.start Starting ProtocolHandler ["ajp-nio-9889"]
08-Nov-2017 19:03:23.468 INFO [main] org.apache.catalina.startup.Catalina.start Server startup in 214271 ms
