05-Nov-2017 09:38:25.721 INFO [main] org.apache.catalina.startup.VersionLoggerListener.log Server version:        Apache Tomcat/8.5.23
05-Nov-2017 09:38:25.726 INFO [main] org.apache.catalina.startup.VersionLoggerListener.log Server built:          Sep 28 2017 10:30:11 UTC
05-Nov-2017 09:38:25.726 INFO [main] org.apache.catalina.startup.VersionLoggerListener.log Server number:         8.5.23.0
05-Nov-2017 09:38:25.726 INFO [main] org.apache.catalina.startup.VersionLoggerListener.log OS Name:               Windows 7
05-Nov-2017 09:38:25.728 INFO [main] org.apache.catalina.startup.VersionLoggerListener.log OS Version:            6.1
05-Nov-2017 09:38:25.729 INFO [main] org.apache.catalina.startup.VersionLoggerListener.log Architecture:          amd64
05-Nov-2017 09:38:25.729 INFO [main] org.apache.catalina.startup.VersionLoggerListener.log Java Home:             E:\cygwinx86\usr\local\jdk1.8.0_144\jre
05-Nov-2017 09:38:25.730 INFO [main] org.apache.catalina.startup.VersionLoggerListener.log JVM Version:           1.8.0_144-b01
05-Nov-2017 09:38:25.730 INFO [main] org.apache.catalina.startup.VersionLoggerListener.log JVM Vendor:            Oracle Corporation
05-Nov-2017 09:38:25.730 INFO [main] org.apache.catalina.startup.VersionLoggerListener.log CATALINA_BASE:         E:\cygwinx86\usr\local\syncope-standalone-2.0.6\apache-tomcat-8.5.23
05-Nov-2017 09:38:25.730 INFO [main] org.apache.catalina.startup.VersionLoggerListener.log CATALINA_HOME:         E:\cygwinx86\usr\local\syncope-standalone-2.0.6\apache-tomcat-8.5.23
05-Nov-2017 09:38:25.731 INFO [main] org.apache.catalina.startup.VersionLoggerListener.log Command line argument: -Djava.util.logging.config.file=E:\cygwinx86\usr\local\syncope-standalone-2.0.6\apache-tomcat-8.5.23/conf/logging.properties
05-Nov-2017 09:38:25.731 INFO [main] org.apache.catalina.startup.VersionLoggerListener.log Command line argument: -Djava.util.logging.manager=org.apache.juli.ClassLoaderLogManager
05-Nov-2017 09:38:25.731 INFO [main] org.apache.catalina.startup.VersionLoggerListener.log Command line argument: -Djava.awt.headless=true
05-Nov-2017 09:38:25.732 INFO [main] org.apache.catalina.startup.VersionLoggerListener.log Command line argument: -Dfile.encoding=UTF-8
05-Nov-2017 09:38:25.732 INFO [main] org.apache.catalina.startup.VersionLoggerListener.log Command line argument: -Xms2048m
05-Nov-2017 09:38:25.732 INFO [main] org.apache.catalina.startup.VersionLoggerListener.log Command line argument: -Xmx2048m
05-Nov-2017 09:38:25.732 INFO [main] org.apache.catalina.startup.VersionLoggerListener.log Command line argument: -XX:NewSize=256m
05-Nov-2017 09:38:25.733 INFO [main] org.apache.catalina.startup.VersionLoggerListener.log Command line argument: -XX:MaxNewSize=256m
05-Nov-2017 09:38:25.733 INFO [main] org.apache.catalina.startup.VersionLoggerListener.log Command line argument: -XX:PermSize=256m
05-Nov-2017 09:38:25.733 INFO [main] org.apache.catalina.startup.VersionLoggerListener.log Command line argument: -XX:MaxPermSize=256m
05-Nov-2017 09:38:25.733 INFO [main] org.apache.catalina.startup.VersionLoggerListener.log Command line argument: -XX:+DisableExplicitGC
05-Nov-2017 09:38:25.734 INFO [main] org.apache.catalina.startup.VersionLoggerListener.log Command line argument: -DCATALINA_HOME=/usr/local/syncope-standalone-2.0.6/apache-tomcat-8.5.23
05-Nov-2017 09:38:25.734 INFO [main] org.apache.catalina.startup.VersionLoggerListener.log Command line argument: -Djdk.tls.ephemeralDHKeySize=2048
05-Nov-2017 09:38:25.734 INFO [main] org.apache.catalina.startup.VersionLoggerListener.log Command line argument: -Djava.protocol.handler.pkgs=org.apache.catalina.webresources
05-Nov-2017 09:38:25.734 INFO [main] org.apache.catalina.startup.VersionLoggerListener.log Command line argument: -Dcatalina.base=E:\cygwinx86\usr\local\syncope-standalone-2.0.6\apache-tomcat-8.5.23
05-Nov-2017 09:38:25.734 INFO [main] org.apache.catalina.startup.VersionLoggerListener.log Command line argument: -Dcatalina.home=E:\cygwinx86\usr\local\syncope-standalone-2.0.6\apache-tomcat-8.5.23
05-Nov-2017 09:38:25.735 INFO [main] org.apache.catalina.startup.VersionLoggerListener.log Command line argument: -Djava.io.tmpdir=E:\cygwinx86\usr\local\syncope-standalone-2.0.6\apache-tomcat-8.5.23\temp
05-Nov-2017 09:38:25.735 INFO [main] org.apache.catalina.core.AprLifecycleListener.lifecycleEvent The APR based Apache Tomcat Native library which allows optimal performance in production environments was not found on the java.library.path: [E:\cygwinx86\usr\local\jdk1.8.0_144\bin;C:\Windows\Sun\Java\bin;C:\Windows\system32;C:\Windows;E:\cygwinx86\usr\local\bin;E:\cygwinx86\bin;C:\Program Files (x86)\Common Files\Microsoft Shared\Windows Live;C:\ProgramData\Oracle\Java\javapath;C:\Windows\system32;C:\Windows;C:\Windows\System32\Wbem;C:\Windows\System32\WindowsPowerShell\v1.0;C:\Program Files (x86)\NVIDIA Corporation\PhysX\Common;%JAVA_HOME%\bin;%M2_HOME%\bin;%GRADLE_HOME%\bin;C:\Windows\syswow64\config\systemprofile\.dnx\bin;C:\Program Files\Microsoft DNX\Dnvm;C:\Program Files\Microsoft SQL Server\130\Tools\Binn;C:\Program Files\nodejs;C:\Program Files (x86)\Microsoft SQL Server\100\Tools\Binn;C:\Program Files\Microsoft SQL Server\100\Tools\Binn;C:\Program Files\Microsoft SQL Server\100\DTS\Binn;C:\HashiCorp\Vagrant\bin;C:\Program Files\Git\cmd;C:\Program Files\MySQL\MySQL Utilities 1.6;C:\Program Files\PuTTY;C:\Ruby24-x64\bin;C:\Program Files\Common Files\Microsoft Shared\Windows Live;C:\Users\CDSTAR\AppData\Roaming\npm;C:\Program Files\Docker Toolbox;E:\cygwinx86\usr\X11R6\bin;E:\cygwinx86\lib\lapack;E:\cygwinx86\usr\local\jdk1.8.0_144\bin;E:\cygwinx86\usr\local\apache-maven\bin;E:\cygwinx86\usr\local\gradle\bin;C:\Program Files\nodejs;.]
05-Nov-2017 09:38:26.048 INFO [main] org.apache.coyote.AbstractProtocol.init Initializing ProtocolHandler ["http-nio-9080"]
05-Nov-2017 09:38:26.531 INFO [main] org.apache.tomcat.util.net.NioSelectorPool.getSharedSelector Using a shared selector for servlet write/read
05-Nov-2017 09:38:26.542 INFO [main] org.apache.coyote.AbstractProtocol.init Initializing ProtocolHandler ["ajp-nio-9889"]
05-Nov-2017 09:38:26.546 INFO [main] org.apache.tomcat.util.net.NioSelectorPool.getSharedSelector Using a shared selector for servlet write/read
05-Nov-2017 09:38:26.546 INFO [main] org.apache.catalina.startup.Catalina.load Initialization processed in 1727 ms
05-Nov-2017 09:38:26.627 INFO [main] org.apache.catalina.core.StandardService.startInternal Starting service [Catalina]
05-Nov-2017 09:38:26.627 INFO [main] org.apache.catalina.core.StandardEngine.startInternal Starting Servlet Engine: Apache Tomcat/8.5.23
05-Nov-2017 09:38:26.854 INFO [localhost-startStop-1] org.apache.catalina.startup.HostConfig.deployWAR Deploying web application archive [E:\cygwinx86\usr\local\syncope-standalone-2.0.6\apache-tomcat-8.5.23\webapps\syncope-fit-build-tools.war]
05-Nov-2017 09:38:29.144 WARNING [localhost-startStop-1] org.apache.catalina.webresources.Cache.enforceObjectMaxSizeLimit The value of [512]kB for objectMaxSize is larger than the limit of maxSize/20 so has been reduced to [0]kB
05-Nov-2017 09:38:53.542 INFO [localhost-startStop-1] org.apache.jasper.servlet.TldScanner.scanJars At least one JAR was scanned for TLDs yet contained no TLDs. Enable debug logging for this logger for a complete list of JARs that were scanned but no TLDs were found in them. Skipping unneeded JARs during scanning can improve startup time and JSP compilation time.
05-Nov-2017 09:39:00.005 INFO [localhost-startStop-1] org.apache.cxf.wsdl.service.factory.ReflectionServiceFactoryBean.buildServiceFromClass Creating Service {http://cxf.buildtools.fit.syncope.apache.org/}Provisioning from class net.tirasa.connid.bundles.soap.provisioning.interfaces.Provisioning
05-Nov-2017 09:39:01.875 INFO [localhost-startStop-1] org.apache.cxf.endpoint.ServerImpl.initDestination Setting the server's publish address to be /soap
05-Nov-2017 09:39:02.134 INFO [localhost-startStop-1] org.apache.cxf.endpoint.ServerImpl.initDestination Setting the server's publish address to be /rest
05-Nov-2017 09:39:17.619 INFO [localhost-startStop-1] org.apache.catalina.startup.HostConfig.deployWAR Deployment of web application archive [E:\cygwinx86\usr\local\syncope-standalone-2.0.6\apache-tomcat-8.5.23\webapps\syncope-fit-build-tools.war] has finished in [50,764] ms
05-Nov-2017 09:39:17.629 INFO [localhost-startStop-1] org.apache.catalina.startup.HostConfig.deployDirectory Deploying web application directory [E:\cygwinx86\usr\local\syncope-standalone-2.0.6\apache-tomcat-8.5.23\webapps\host-manager]
05-Nov-2017 09:39:17.691 WARNING [localhost-startStop-1] org.apache.catalina.webresources.Cache.enforceObjectMaxSizeLimit The value of [512]kB for objectMaxSize is larger than the limit of maxSize/20 so has been reduced to [0]kB
05-Nov-2017 09:39:20.114 INFO [localhost-startStop-1] org.apache.jasper.servlet.TldScanner.scanJars At least one JAR was scanned for TLDs yet contained no TLDs. Enable debug logging for this logger for a complete list of JARs that were scanned but no TLDs were found in them. Skipping unneeded JARs during scanning can improve startup time and JSP compilation time.
05-Nov-2017 09:39:20.121 INFO [localhost-startStop-1] org.apache.catalina.startup.HostConfig.deployDirectory Deployment of web application directory [E:\cygwinx86\usr\local\syncope-standalone-2.0.6\apache-tomcat-8.5.23\webapps\host-manager] has finished in [2,492] ms
05-Nov-2017 09:39:20.122 INFO [localhost-startStop-1] org.apache.catalina.startup.HostConfig.deployDirectory Deploying web application directory [E:\cygwinx86\usr\local\syncope-standalone-2.0.6\apache-tomcat-8.5.23\webapps\manager]
05-Nov-2017 09:39:20.158 WARNING [localhost-startStop-1] org.apache.catalina.webresources.Cache.enforceObjectMaxSizeLimit The value of [512]kB for objectMaxSize is larger than the limit of maxSize/20 so has been reduced to [0]kB
05-Nov-2017 09:39:21.338 INFO [localhost-startStop-1] org.apache.jasper.servlet.TldScanner.scanJars At least one JAR was scanned for TLDs yet contained no TLDs. Enable debug logging for this logger for a complete list of JARs that were scanned but no TLDs were found in them. Skipping unneeded JARs during scanning can improve startup time and JSP compilation time.
05-Nov-2017 09:39:21.343 INFO [localhost-startStop-1] org.apache.catalina.startup.HostConfig.deployDirectory Deployment of web application directory [E:\cygwinx86\usr\local\syncope-standalone-2.0.6\apache-tomcat-8.5.23\webapps\manager] has finished in [1,220] ms
05-Nov-2017 09:39:21.343 INFO [localhost-startStop-1] org.apache.catalina.startup.HostConfig.deployDirectory Deploying web application directory [E:\cygwinx86\usr\local\syncope-standalone-2.0.6\apache-tomcat-8.5.23\webapps\ROOT]
05-Nov-2017 09:39:21.348 WARNING [localhost-startStop-1] org.apache.catalina.webresources.Cache.enforceObjectMaxSizeLimit The value of [512]kB for objectMaxSize is larger than the limit of maxSize/20 so has been reduced to [0]kB
05-Nov-2017 09:39:22.493 INFO [localhost-startStop-1] org.apache.jasper.servlet.TldScanner.scanJars At least one JAR was scanned for TLDs yet contained no TLDs. Enable debug logging for this logger for a complete list of JARs that were scanned but no TLDs were found in them. Skipping unneeded JARs during scanning can improve startup time and JSP compilation time.
05-Nov-2017 09:39:22.496 INFO [localhost-startStop-1] org.apache.catalina.startup.HostConfig.deployDirectory Deployment of web application directory [E:\cygwinx86\usr\local\syncope-standalone-2.0.6\apache-tomcat-8.5.23\webapps\ROOT] has finished in [1,152] ms
05-Nov-2017 09:39:22.496 INFO [localhost-startStop-1] org.apache.catalina.startup.HostConfig.deployDirectory Deploying web application directory [E:\cygwinx86\usr\local\syncope-standalone-2.0.6\apache-tomcat-8.5.23\webapps\syncope]
05-Nov-2017 09:39:27.165 WARNING [localhost-startStop-1] org.apache.catalina.webresources.Cache.enforceObjectMaxSizeLimit The value of [512]kB for objectMaxSize is larger than the limit of maxSize/20 so has been reduced to [0]kB
05-Nov-2017 09:39:56.314 INFO [localhost-startStop-1] org.apache.jasper.servlet.TldScanner.scanJars At least one JAR was scanned for TLDs yet contained no TLDs. Enable debug logging for this logger for a complete list of JARs that were scanned but no TLDs were found in them. Skipping unneeded JARs during scanning can improve startup time and JSP compilation time.
05-Nov-2017 09:41:01.406 INFO [localhost-startStop-1] org.apache.catalina.startup.HostConfig.deployDirectory Deployment of web application directory [E:\cygwinx86\usr\local\syncope-standalone-2.0.6\apache-tomcat-8.5.23\webapps\syncope] has finished in [98,910] ms
05-Nov-2017 09:41:01.407 INFO [localhost-startStop-1] org.apache.catalina.startup.HostConfig.deployDirectory Deploying web application directory [E:\cygwinx86\usr\local\syncope-standalone-2.0.6\apache-tomcat-8.5.23\webapps\syncope-console]
05-Nov-2017 09:41:03.564 WARNING [localhost-startStop-1] org.apache.catalina.webresources.Cache.enforceObjectMaxSizeLimit The value of [512]kB for objectMaxSize is larger than the limit of maxSize/20 so has been reduced to [0]kB
05-Nov-2017 09:41:17.946 INFO [localhost-startStop-1] org.apache.jasper.servlet.TldScanner.scanJars At least one JAR was scanned for TLDs yet contained no TLDs. Enable debug logging for this logger for a complete list of JARs that were scanned but no TLDs were found in them. Skipping unneeded JARs during scanning can improve startup time and JSP compilation time.
05-Nov-2017 09:41:37.327 INFO [localhost-startStop-1] org.apache.catalina.startup.HostConfig.deployDirectory Deployment of web application directory [E:\cygwinx86\usr\local\syncope-standalone-2.0.6\apache-tomcat-8.5.23\webapps\syncope-console] has finished in [35,919] ms
05-Nov-2017 09:41:37.327 INFO [localhost-startStop-1] org.apache.catalina.startup.HostConfig.deployDirectory Deploying web application directory [E:\cygwinx86\usr\local\syncope-standalone-2.0.6\apache-tomcat-8.5.23\webapps\syncope-enduser]
05-Nov-2017 09:41:39.375 WARNING [localhost-startStop-1] org.apache.catalina.webresources.Cache.enforceObjectMaxSizeLimit The value of [512]kB for objectMaxSize is larger than the limit of maxSize/20 so has been reduced to [0]kB
05-Nov-2017 09:41:49.983 INFO [localhost-startStop-1] org.apache.jasper.servlet.TldScanner.scanJars At least one JAR was scanned for TLDs yet contained no TLDs. Enable debug logging for this logger for a complete list of JARs that were scanned but no TLDs were found in them. Skipping unneeded JARs during scanning can improve startup time and JSP compilation time.
05-Nov-2017 09:41:54.905 INFO [localhost-startStop-1] org.apache.catalina.startup.HostConfig.deployDirectory Deployment of web application directory [E:\cygwinx86\usr\local\syncope-standalone-2.0.6\apache-tomcat-8.5.23\webapps\syncope-enduser] has finished in [17,578] ms
05-Nov-2017 09:41:54.911 INFO [main] org.apache.coyote.AbstractProtocol.start Starting ProtocolHandler ["http-nio-9080"]
05-Nov-2017 09:41:54.923 INFO [main] org.apache.coyote.AbstractProtocol.start Starting ProtocolHandler ["ajp-nio-9889"]
05-Nov-2017 09:41:54.927 INFO [main] org.apache.catalina.startup.Catalina.start Server startup in 208378 ms
05-Nov-2017 11:37:40.918 INFO [main] org.apache.catalina.startup.VersionLoggerListener.log Server version:        Apache Tomcat/8.5.23
05-Nov-2017 11:37:40.942 INFO [main] org.apache.catalina.startup.VersionLoggerListener.log Server built:          Sep 28 2017 10:30:11 UTC
05-Nov-2017 11:37:40.942 INFO [main] org.apache.catalina.startup.VersionLoggerListener.log Server number:         8.5.23.0
05-Nov-2017 11:37:40.942 INFO [main] org.apache.catalina.startup.VersionLoggerListener.log OS Name:               Windows 7
05-Nov-2017 11:37:40.943 INFO [main] org.apache.catalina.startup.VersionLoggerListener.log OS Version:            6.1
05-Nov-2017 11:37:40.943 INFO [main] org.apache.catalina.startup.VersionLoggerListener.log Architecture:          amd64
05-Nov-2017 11:37:40.943 INFO [main] org.apache.catalina.startup.VersionLoggerListener.log Java Home:             E:\cygwinx86\usr\local\jdk1.8.0_144\jre
05-Nov-2017 11:37:40.945 INFO [main] org.apache.catalina.startup.VersionLoggerListener.log JVM Version:           1.8.0_144-b01
05-Nov-2017 11:37:40.946 INFO [main] org.apache.catalina.startup.VersionLoggerListener.log JVM Vendor:            Oracle Corporation
05-Nov-2017 11:37:40.946 INFO [main] org.apache.catalina.startup.VersionLoggerListener.log CATALINA_BASE:         E:\cygwinx86\usr\local\syncope-standalone-2.0.6\apache-tomcat-8.5.23
05-Nov-2017 11:37:40.946 INFO [main] org.apache.catalina.startup.VersionLoggerListener.log CATALINA_HOME:         E:\cygwinx86\usr\local\syncope-standalone-2.0.6\apache-tomcat-8.5.23
05-Nov-2017 11:37:40.947 INFO [main] org.apache.catalina.startup.VersionLoggerListener.log Command line argument: -Djava.util.logging.config.file=E:\cygwinx86\usr\local\syncope-standalone-2.0.6\apache-tomcat-8.5.23/conf/logging.properties
05-Nov-2017 11:37:40.947 INFO [main] org.apache.catalina.startup.VersionLoggerListener.log Command line argument: -Djava.util.logging.manager=org.apache.juli.ClassLoaderLogManager
05-Nov-2017 11:37:40.947 INFO [main] org.apache.catalina.startup.VersionLoggerListener.log Command line argument: -Djava.awt.headless=true
05-Nov-2017 11:37:40.947 INFO [main] org.apache.catalina.startup.VersionLoggerListener.log Command line argument: -Dfile.encoding=UTF-8
05-Nov-2017 11:37:40.947 INFO [main] org.apache.catalina.startup.VersionLoggerListener.log Command line argument: -Xms2048m
05-Nov-2017 11:37:40.948 INFO [main] org.apache.catalina.startup.VersionLoggerListener.log Command line argument: -Xmx2048m
05-Nov-2017 11:37:40.948 INFO [main] org.apache.catalina.startup.VersionLoggerListener.log Command line argument: -XX:NewSize=256m
05-Nov-2017 11:37:40.948 INFO [main] org.apache.catalina.startup.VersionLoggerListener.log Command line argument: -XX:MaxNewSize=256m
05-Nov-2017 11:37:40.948 INFO [main] org.apache.catalina.startup.VersionLoggerListener.log Command line argument: -XX:PermSize=256m
05-Nov-2017 11:37:40.948 INFO [main] org.apache.catalina.startup.VersionLoggerListener.log Command line argument: -XX:MaxPermSize=256m
05-Nov-2017 11:37:40.948 INFO [main] org.apache.catalina.startup.VersionLoggerListener.log Command line argument: -XX:+DisableExplicitGC
05-Nov-2017 11:37:40.948 INFO [main] org.apache.catalina.startup.VersionLoggerListener.log Command line argument: -DCATALINA_HOME=/usr/local/syncope-standalone-2.0.6/apache-tomcat-8.5.23
05-Nov-2017 11:37:40.948 INFO [main] org.apache.catalina.startup.VersionLoggerListener.log Command line argument: -Djdk.tls.ephemeralDHKeySize=2048
05-Nov-2017 11:37:40.949 INFO [main] org.apache.catalina.startup.VersionLoggerListener.log Command line argument: -Djava.protocol.handler.pkgs=org.apache.catalina.webresources
05-Nov-2017 11:37:40.949 INFO [main] org.apache.catalina.startup.VersionLoggerListener.log Command line argument: -Dcatalina.base=E:\cygwinx86\usr\local\syncope-standalone-2.0.6\apache-tomcat-8.5.23
05-Nov-2017 11:37:40.949 INFO [main] org.apache.catalina.startup.VersionLoggerListener.log Command line argument: -Dcatalina.home=E:\cygwinx86\usr\local\syncope-standalone-2.0.6\apache-tomcat-8.5.23
05-Nov-2017 11:37:40.949 INFO [main] org.apache.catalina.startup.VersionLoggerListener.log Command line argument: -Djava.io.tmpdir=E:\cygwinx86\usr\local\syncope-standalone-2.0.6\apache-tomcat-8.5.23\temp
05-Nov-2017 11:37:40.949 INFO [main] org.apache.catalina.core.AprLifecycleListener.lifecycleEvent The APR based Apache Tomcat Native library which allows optimal performance in production environments was not found on the java.library.path: [E:\cygwinx86\usr\local\jdk1.8.0_144\bin;C:\Windows\Sun\Java\bin;C:\Windows\system32;C:\Windows;E:\cygwinx86\usr\local\bin;E:\cygwinx86\bin;C:\Program Files (x86)\Common Files\Microsoft Shared\Windows Live;C:\ProgramData\Oracle\Java\javapath;C:\Windows\system32;C:\Windows;C:\Windows\System32\Wbem;C:\Windows\System32\WindowsPowerShell\v1.0;C:\Program Files (x86)\NVIDIA Corporation\PhysX\Common;%JAVA_HOME%\bin;%M2_HOME%\bin;%GRADLE_HOME%\bin;C:\Windows\syswow64\config\systemprofile\.dnx\bin;C:\Program Files\Microsoft DNX\Dnvm;C:\Program Files\Microsoft SQL Server\130\Tools\Binn;C:\Program Files\nodejs;C:\Program Files (x86)\Microsoft SQL Server\100\Tools\Binn;C:\Program Files\Microsoft SQL Server\100\Tools\Binn;C:\Program Files\Microsoft SQL Server\100\DTS\Binn;C:\HashiCorp\Vagrant\bin;C:\Program Files\Git\cmd;C:\Program Files\MySQL\MySQL Utilities 1.6;C:\Program Files\PuTTY;C:\Ruby24-x64\bin;C:\Program Files\Common Files\Microsoft Shared\Windows Live;C:\Users\CDSTAR\AppData\Roaming\npm;C:\Program Files\Docker Toolbox;E:\cygwinx86\usr\X11R6\bin;E:\cygwinx86\lib\lapack;E:\cygwinx86\usr\local\jdk1.8.0_144\bin;E:\cygwinx86\usr\local\apache-maven\bin;E:\cygwinx86\usr\local\gradle\bin;C:\Program Files\nodejs;.]
05-Nov-2017 11:37:41.430 INFO [main] org.apache.coyote.AbstractProtocol.init Initializing ProtocolHandler ["http-nio-9080"]
05-Nov-2017 11:37:42.564 INFO [main] org.apache.tomcat.util.net.NioSelectorPool.getSharedSelector Using a shared selector for servlet write/read
05-Nov-2017 11:37:42.570 INFO [main] org.apache.coyote.AbstractProtocol.init Initializing ProtocolHandler ["ajp-nio-9889"]
05-Nov-2017 11:37:42.573 INFO [main] org.apache.tomcat.util.net.NioSelectorPool.getSharedSelector Using a shared selector for servlet write/read
05-Nov-2017 11:37:42.575 INFO [main] org.apache.catalina.startup.Catalina.load Initialization processed in 3360 ms
05-Nov-2017 11:37:42.667 INFO [main] org.apache.catalina.core.StandardService.startInternal Starting service [Catalina]
05-Nov-2017 11:37:42.667 INFO [main] org.apache.catalina.core.StandardEngine.startInternal Starting Servlet Engine: Apache Tomcat/8.5.23
05-Nov-2017 11:37:42.936 INFO [localhost-startStop-1] org.apache.catalina.startup.HostConfig.deployWAR Deploying web application archive [E:\cygwinx86\usr\local\syncope-standalone-2.0.6\apache-tomcat-8.5.23\webapps\syncope-fit-build-tools.war]
05-Nov-2017 11:37:44.831 WARNING [localhost-startStop-1] org.apache.catalina.webresources.Cache.enforceObjectMaxSizeLimit The value of [512]kB for objectMaxSize is larger than the limit of maxSize/20 so has been reduced to [0]kB
05-Nov-2017 11:38:06.959 INFO [localhost-startStop-1] org.apache.jasper.servlet.TldScanner.scanJars At least one JAR was scanned for TLDs yet contained no TLDs. Enable debug logging for this logger for a complete list of JARs that were scanned but no TLDs were found in them. Skipping unneeded JARs during scanning can improve startup time and JSP compilation time.
05-Nov-2017 11:38:15.995 INFO [localhost-startStop-1] org.apache.cxf.wsdl.service.factory.ReflectionServiceFactoryBean.buildServiceFromClass Creating Service {http://cxf.buildtools.fit.syncope.apache.org/}Provisioning from class net.tirasa.connid.bundles.soap.provisioning.interfaces.Provisioning
05-Nov-2017 11:38:18.436 INFO [localhost-startStop-1] org.apache.cxf.endpoint.ServerImpl.initDestination Setting the server's publish address to be /soap
05-Nov-2017 11:38:18.774 INFO [localhost-startStop-1] org.apache.cxf.endpoint.ServerImpl.initDestination Setting the server's publish address to be /rest
05-Nov-2017 11:38:36.477 INFO [localhost-startStop-1] org.apache.catalina.startup.HostConfig.deployWAR Deployment of web application archive [E:\cygwinx86\usr\local\syncope-standalone-2.0.6\apache-tomcat-8.5.23\webapps\syncope-fit-build-tools.war] has finished in [53,542] ms
05-Nov-2017 11:38:36.870 INFO [localhost-startStop-1] org.apache.catalina.startup.HostConfig.deployDirectory Deploying web application directory [E:\cygwinx86\usr\local\syncope-standalone-2.0.6\apache-tomcat-8.5.23\webapps\host-manager]
05-Nov-2017 11:38:36.943 WARNING [localhost-startStop-1] org.apache.catalina.webresources.Cache.enforceObjectMaxSizeLimit The value of [512]kB for objectMaxSize is larger than the limit of maxSize/20 so has been reduced to [0]kB
05-Nov-2017 11:38:38.873 INFO [localhost-startStop-1] org.apache.jasper.servlet.TldScanner.scanJars At least one JAR was scanned for TLDs yet contained no TLDs. Enable debug logging for this logger for a complete list of JARs that were scanned but no TLDs were found in them. Skipping unneeded JARs during scanning can improve startup time and JSP compilation time.
05-Nov-2017 11:38:38.885 INFO [localhost-startStop-1] org.apache.catalina.startup.HostConfig.deployDirectory Deployment of web application directory [E:\cygwinx86\usr\local\syncope-standalone-2.0.6\apache-tomcat-8.5.23\webapps\host-manager] has finished in [2,014] ms
05-Nov-2017 11:38:38.885 INFO [localhost-startStop-1] org.apache.catalina.startup.HostConfig.deployDirectory Deploying web application directory [E:\cygwinx86\usr\local\syncope-standalone-2.0.6\apache-tomcat-8.5.23\webapps\manager]
05-Nov-2017 11:38:38.910 WARNING [localhost-startStop-1] org.apache.catalina.webresources.Cache.enforceObjectMaxSizeLimit The value of [512]kB for objectMaxSize is larger than the limit of maxSize/20 so has been reduced to [0]kB
05-Nov-2017 11:38:43.300 INFO [localhost-startStop-1] org.apache.jasper.servlet.TldScanner.scanJars At least one JAR was scanned for TLDs yet contained no TLDs. Enable debug logging for this logger for a complete list of JARs that were scanned but no TLDs were found in them. Skipping unneeded JARs during scanning can improve startup time and JSP compilation time.
05-Nov-2017 11:38:43.305 INFO [localhost-startStop-1] org.apache.catalina.startup.HostConfig.deployDirectory Deployment of web application directory [E:\cygwinx86\usr\local\syncope-standalone-2.0.6\apache-tomcat-8.5.23\webapps\manager] has finished in [4,419] ms
05-Nov-2017 11:38:43.307 INFO [localhost-startStop-1] org.apache.catalina.startup.HostConfig.deployDirectory Deploying web application directory [E:\cygwinx86\usr\local\syncope-standalone-2.0.6\apache-tomcat-8.5.23\webapps\ROOT]
05-Nov-2017 11:38:43.311 WARNING [localhost-startStop-1] org.apache.catalina.webresources.Cache.enforceObjectMaxSizeLimit The value of [512]kB for objectMaxSize is larger than the limit of maxSize/20 so has been reduced to [0]kB
05-Nov-2017 11:38:45.355 INFO [localhost-startStop-1] org.apache.jasper.servlet.TldScanner.scanJars At least one JAR was scanned for TLDs yet contained no TLDs. Enable debug logging for this logger for a complete list of JARs that were scanned but no TLDs were found in them. Skipping unneeded JARs during scanning can improve startup time and JSP compilation time.
05-Nov-2017 11:38:45.362 INFO [localhost-startStop-1] org.apache.catalina.startup.HostConfig.deployDirectory Deployment of web application directory [E:\cygwinx86\usr\local\syncope-standalone-2.0.6\apache-tomcat-8.5.23\webapps\ROOT] has finished in [2,055] ms
05-Nov-2017 11:38:45.362 INFO [localhost-startStop-1] org.apache.catalina.startup.HostConfig.deployDirectory Deploying web application directory [E:\cygwinx86\usr\local\syncope-standalone-2.0.6\apache-tomcat-8.5.23\webapps\syncope]
05-Nov-2017 11:38:50.120 WARNING [localhost-startStop-1] org.apache.catalina.webresources.Cache.enforceObjectMaxSizeLimit The value of [512]kB for objectMaxSize is larger than the limit of maxSize/20 so has been reduced to [0]kB
05-Nov-2017 11:39:29.089 INFO [localhost-startStop-1] org.apache.jasper.servlet.TldScanner.scanJars At least one JAR was scanned for TLDs yet contained no TLDs. Enable debug logging for this logger for a complete list of JARs that were scanned but no TLDs were found in them. Skipping unneeded JARs during scanning can improve startup time and JSP compilation time.
05-Nov-2017 11:41:04.576 INFO [localhost-startStop-1] org.apache.catalina.startup.HostConfig.deployDirectory Deployment of web application directory [E:\cygwinx86\usr\local\syncope-standalone-2.0.6\apache-tomcat-8.5.23\webapps\syncope] has finished in [139,214] ms
05-Nov-2017 11:41:04.577 INFO [localhost-startStop-1] org.apache.catalina.startup.HostConfig.deployDirectory Deploying web application directory [E:\cygwinx86\usr\local\syncope-standalone-2.0.6\apache-tomcat-8.5.23\webapps\syncope-console]
05-Nov-2017 11:41:07.068 WARNING [localhost-startStop-1] org.apache.catalina.webresources.Cache.enforceObjectMaxSizeLimit The value of [512]kB for objectMaxSize is larger than the limit of maxSize/20 so has been reduced to [0]kB
05-Nov-2017 11:41:19.318 INFO [localhost-startStop-1] org.apache.jasper.servlet.TldScanner.scanJars At least one JAR was scanned for TLDs yet contained no TLDs. Enable debug logging for this logger for a complete list of JARs that were scanned but no TLDs were found in them. Skipping unneeded JARs during scanning can improve startup time and JSP compilation time.
05-Nov-2017 11:41:55.033 INFO [localhost-startStop-1] org.apache.catalina.startup.HostConfig.deployDirectory Deployment of web application directory [E:\cygwinx86\usr\local\syncope-standalone-2.0.6\apache-tomcat-8.5.23\webapps\syncope-console] has finished in [50,456] ms
05-Nov-2017 11:41:55.033 INFO [localhost-startStop-1] org.apache.catalina.startup.HostConfig.deployDirectory Deploying web application directory [E:\cygwinx86\usr\local\syncope-standalone-2.0.6\apache-tomcat-8.5.23\webapps\syncope-enduser]
05-Nov-2017 11:41:56.948 WARNING [localhost-startStop-1] org.apache.catalina.webresources.Cache.enforceObjectMaxSizeLimit The value of [512]kB for objectMaxSize is larger than the limit of maxSize/20 so has been reduced to [0]kB
05-Nov-2017 11:42:03.512 INFO [localhost-startStop-1] org.apache.jasper.servlet.TldScanner.scanJars At least one JAR was scanned for TLDs yet contained no TLDs. Enable debug logging for this logger for a complete list of JARs that were scanned but no TLDs were found in them. Skipping unneeded JARs during scanning can improve startup time and JSP compilation time.
05-Nov-2017 11:42:08.873 INFO [localhost-startStop-1] org.apache.catalina.startup.HostConfig.deployDirectory Deployment of web application directory [E:\cygwinx86\usr\local\syncope-standalone-2.0.6\apache-tomcat-8.5.23\webapps\syncope-enduser] has finished in [13,840] ms
05-Nov-2017 11:42:08.890 INFO [main] org.apache.coyote.AbstractProtocol.start Starting ProtocolHandler ["http-nio-9080"]
05-Nov-2017 11:42:08.920 INFO [main] org.apache.coyote.AbstractProtocol.start Starting ProtocolHandler ["ajp-nio-9889"]
05-Nov-2017 11:42:08.927 INFO [main] org.apache.catalina.startup.Catalina.start Server startup in 266349 ms
05-Nov-2017 22:19:01.914 INFO [main] org.apache.catalina.core.StandardServer.await A valid shutdown command was received via the shutdown port. Stopping the Server instance.
05-Nov-2017 22:19:03.528 INFO [main] org.apache.coyote.AbstractProtocol.pause Pausing ProtocolHandler ["http-nio-9080"]
05-Nov-2017 22:19:04.784 INFO [main] org.apache.coyote.AbstractProtocol.pause Pausing ProtocolHandler ["ajp-nio-9889"]
05-Nov-2017 22:19:05.221 INFO [main] org.apache.catalina.core.StandardService.stopInternal Stopping service [Catalina]
05-Nov-2017 22:20:24.404 WARNING [localhost-startStop-2] org.apache.catalina.loader.WebappClassLoaderBase.clearReferencesJdbc The web application [syncope-fit-build-tools] registered the JDBC driver [org.postgresql.Driver] but failed to unregister it when the web application was stopped. To prevent a memory leak, the JDBC Driver has been forcibly unregistered.
05-Nov-2017 22:20:57.351 WARNING [localhost-startStop-2] org.apache.catalina.loader.WebappClassLoaderBase.clearReferencesJdbc The web application [syncope] registered the JDBC driver [org.postgresql.Driver] but failed to unregister it when the web application was stopped. To prevent a memory leak, the JDBC Driver has been forcibly unregistered.
05-Nov-2017 22:20:57.351 WARNING [localhost-startStop-2] org.apache.catalina.loader.WebappClassLoaderBase.clearReferencesJdbc The web application [syncope] registered the JDBC driver [org.h2.Driver] but failed to unregister it when the web application was stopped. To prevent a memory leak, the JDBC Driver has been forcibly unregistered.
05-Nov-2017 22:20:57.386 WARNING [localhost-startStop-2] org.apache.catalina.loader.WebappClassLoaderBase.clearReferencesThreads The web application [syncope] appears to have started a thread named [Log4j2-TF-5-AsyncLoggerConfig--1] but has failed to stop it. This is very likely to create a memory leak. Stack trace of thread:
 sun.misc.Unsafe.park(Native Method)
 java.util.concurrent.locks.LockSupport.parkNanos(LockSupport.java:215)
 java.util.concurrent.locks.AbstractQueuedSynchronizer$ConditionObject.awaitNanos(AbstractQueuedSynchronizer.java:2078)
 com.lmax.disruptor.TimeoutBlockingWaitStrategy.waitFor(TimeoutBlockingWaitStrategy.java:38)
 com.lmax.disruptor.ProcessingSequenceBarrier.waitFor(ProcessingSequenceBarrier.java:56)
 com.lmax.disruptor.BatchEventProcessor.run(BatchEventProcessor.java:128)
 java.lang.Thread.run(Thread.java:748)
05-Nov-2017 22:21:26.059 WARNING [localhost-startStop-2] org.apache.catalina.loader.WebappClassLoaderBase.clearReferencesThreads The web application [syncope-console] appears to have started a thread named [Log4j2-TF-2-AsyncLoggerConfig--1] but has failed to stop it. This is very likely to create a memory leak. Stack trace of thread:
 sun.misc.Unsafe.park(Native Method)
 java.util.concurrent.locks.LockSupport.parkNanos(LockSupport.java:215)
 java.util.concurrent.locks.AbstractQueuedSynchronizer$ConditionObject.awaitNanos(AbstractQueuedSynchronizer.java:2078)
 com.lmax.disruptor.TimeoutBlockingWaitStrategy.waitFor(TimeoutBlockingWaitStrategy.java:38)
 com.lmax.disruptor.ProcessingSequenceBarrier.waitFor(ProcessingSequenceBarrier.java:56)
 com.lmax.disruptor.BatchEventProcessor.run(BatchEventProcessor.java:128)
 java.lang.Thread.run(Thread.java:748)
05-Nov-2017 22:21:45.095 WARNING [localhost-startStop-2] org.apache.catalina.loader.WebappClassLoaderBase.clearReferencesThreads The web application [syncope-enduser] appears to have started a thread named [Log4j2-TF-2-AsyncLoggerConfig--1] but has failed to stop it. This is very likely to create a memory leak. Stack trace of thread:
 sun.misc.Unsafe.park(Native Method)
 java.util.concurrent.locks.LockSupport.parkNanos(LockSupport.java:215)
 java.util.concurrent.locks.AbstractQueuedSynchronizer$ConditionObject.awaitNanos(AbstractQueuedSynchronizer.java:2078)
 com.lmax.disruptor.TimeoutBlockingWaitStrategy.waitFor(TimeoutBlockingWaitStrategy.java:38)
 com.lmax.disruptor.ProcessingSequenceBarrier.waitFor(ProcessingSequenceBarrier.java:56)
 com.lmax.disruptor.BatchEventProcessor.run(BatchEventProcessor.java:128)
 java.lang.Thread.run(Thread.java:748)
05-Nov-2017 22:21:45.095 WARNING [localhost-startStop-2] org.apache.catalina.loader.WebappClassLoaderBase.clearReferencesThreads The web application [syncope-enduser] appears to have started a thread named [Thread-14] but has failed to stop it. This is very likely to create a memory leak. Stack trace of thread:
 java.lang.Thread.sleep(Native Method)
 org.apache.commons.io.monitor.FileAlterationMonitor.run(FileAlterationMonitor.java:188)
 java.lang.Thread.run(Thread.java:748)
05-Nov-2017 22:21:46.327 INFO [main] org.apache.coyote.AbstractProtocol.stop Stopping ProtocolHandler ["http-nio-9080"]
05-Nov-2017 22:21:46.879 INFO [main] org.apache.coyote.AbstractProtocol.stop Stopping ProtocolHandler ["ajp-nio-9889"]
05-Nov-2017 22:21:48.098 INFO [main] org.apache.coyote.AbstractProtocol.destroy Destroying ProtocolHandler ["http-nio-9080"]
05-Nov-2017 22:21:48.139 INFO [main] org.apache.coyote.AbstractProtocol.destroy Destroying ProtocolHandler ["ajp-nio-9889"]
