10:19:30.041 ERROR org.apache.cxf.jaxrs.utils.JAXRSUtils - No message body reader has been found for class org.apache.syncope.common.lib.to.ErrorTO, ContentType: text/html;charset=utf-8
10:19:43.614 ERROR org.apache.cxf.jaxrs.utils.JAXRSUtils - No message body reader has been found for class java.util.List, ContentType: text/html;charset=utf-8
10:19:53.714 ERROR org.apache.syncope.client.console.SyncopeConsoleRequestCycleListener - Exception found
org.apache.wicket.WicketRuntimeException: Method onRequest of interface org.apache.wicket.behavior.IBehaviorListener targeted at org.apache.syncope.client.console.widgets.ApprovalsWidget$1@19a7e1da on component [WebMarkupContainer [Component id = latestAlertsList]] threw an exception
	at org.apache.wicket.RequestListenerInterface.internalInvoke(RequestListenerInterface.java:268) ~[wicket-core-7.9.0.jar:7.9.0]
	at org.apache.wicket.RequestListenerInterface.invoke(RequestListenerInterface.java:241) ~[wicket-core-7.9.0.jar:7.9.0]
	at org.apache.wicket.core.request.handler.ListenerInterfaceRequestHandler.invokeListener(ListenerInterfaceRequestHandler.java:248) ~[wicket-core-7.9.0.jar:7.9.0]
	at org.apache.wicket.core.request.handler.ListenerInterfaceRequestHandler.respond(ListenerInterfaceRequestHandler.java:234) ~[wicket-core-7.9.0.jar:7.9.0]
	at org.apache.wicket.request.cycle.RequestCycle$HandlerExecutor.respond(RequestCycle.java:895) ~[wicket-core-7.9.0.jar:7.9.0]
	at org.apache.wicket.request.RequestHandlerStack.execute(RequestHandlerStack.java:64) ~[wicket-request-7.7.0.jar:7.7.0]
	at org.apache.wicket.request.cycle.RequestCycle.execute(RequestCycle.java:265) ~[wicket-core-7.9.0.jar:7.9.0]
	at org.apache.wicket.request.cycle.RequestCycle.processRequest(RequestCycle.java:222) ~[wicket-core-7.9.0.jar:7.9.0]
	at org.apache.wicket.request.cycle.RequestCycle.processRequestAndDetach(RequestCycle.java:293) ~[wicket-core-7.9.0.jar:7.9.0]
	at org.apache.wicket.protocol.ws.AbstractUpgradeFilter.processRequestCycle(AbstractUpgradeFilter.java:70) ~[wicket-native-websocket-core-7.9.0.jar:7.9.0]
	at org.apache.wicket.protocol.http.WicketFilter.processRequest(WicketFilter.java:203) ~[wicket-core-7.9.0.jar:7.9.0]
	at org.apache.wicket.protocol.http.WicketFilter.doFilter(WicketFilter.java:284) ~[wicket-core-7.9.0.jar:7.9.0]
	at org.apache.catalina.core.ApplicationFilterChain.internalDoFilter(ApplicationFilterChain.java:193) ~[catalina.jar:8.5.23]
	at org.apache.catalina.core.ApplicationFilterChain.doFilter(ApplicationFilterChain.java:166) ~[catalina.jar:8.5.23]
	at org.apache.catalina.core.StandardWrapperValve.invoke(StandardWrapperValve.java:199) ~[catalina.jar:8.5.23]
	at org.apache.catalina.core.StandardContextValve.invoke(StandardContextValve.java:96) ~[catalina.jar:8.5.23]
	at org.apache.catalina.authenticator.AuthenticatorBase.invoke(AuthenticatorBase.java:478) ~[catalina.jar:8.5.23]
	at org.apache.catalina.core.StandardHostValve.invoke(StandardHostValve.java:140) ~[catalina.jar:8.5.23]
	at org.apache.catalina.valves.ErrorReportValve.invoke(ErrorReportValve.java:81) ~[catalina.jar:8.5.23]
	at org.apache.catalina.valves.AbstractAccessLogValve.invoke(AbstractAccessLogValve.java:650) ~[catalina.jar:8.5.23]
	at org.apache.catalina.core.StandardEngineValve.invoke(StandardEngineValve.java:87) ~[catalina.jar:8.5.23]
	at org.apache.catalina.connector.CoyoteAdapter.service(CoyoteAdapter.java:342) ~[catalina.jar:8.5.23]
	at org.apache.coyote.http11.Http11Processor.service(Http11Processor.java:803) ~[tomcat-coyote.jar:8.5.23]
	at org.apache.coyote.AbstractProcessorLight.process(AbstractProcessorLight.java:66) ~[tomcat-coyote.jar:8.5.23]
	at org.apache.coyote.AbstractProtocol$ConnectionHandler.process(AbstractProtocol.java:868) ~[tomcat-coyote.jar:8.5.23]
	at org.apache.tomcat.util.net.NioEndpoint$SocketProcessor.doRun(NioEndpoint.java:1459) ~[tomcat-coyote.jar:8.5.23]
	at org.apache.tomcat.util.net.SocketProcessorBase.run(SocketProcessorBase.java:49) ~[tomcat-coyote.jar:8.5.23]
	at java.util.concurrent.ThreadPoolExecutor.runWorker(ThreadPoolExecutor.java:1149) ~[?:1.8.0_144]
	at java.util.concurrent.ThreadPoolExecutor$Worker.run(ThreadPoolExecutor.java:624) ~[?:1.8.0_144]
	at org.apache.tomcat.util.threads.TaskThread$WrappingRunnable.run(TaskThread.java:61) ~[tomcat-util.jar:8.5.23]
	at java.lang.Thread.run(Thread.java:748) [?:1.8.0_144]
Caused by: java.lang.reflect.InvocationTargetException
	at sun.reflect.GeneratedMethodAccessor294.invoke(Unknown Source) ~[?:?]
	at sun.reflect.DelegatingMethodAccessorImpl.invoke(DelegatingMethodAccessorImpl.java:43) ~[?:1.8.0_144]
	at java.lang.reflect.Method.invoke(Method.java:498) ~[?:1.8.0_144]
	at org.apache.wicket.RequestListenerInterface.internalInvoke(RequestListenerInterface.java:258) ~[wicket-core-7.9.0.jar:7.9.0]
	... 30 more
Caused by: java.security.AccessControlException: JWT is expired
	at org.apache.syncope.client.lib.RestClientExceptionMapper.fromResponse(RestClientExceptionMapper.java:61) ~[syncope-client-lib-2.0.6.jar:2.0.6]
	at org.apache.syncope.client.lib.RestClientExceptionMapper.fromResponse(RestClientExceptionMapper.java:42) ~[syncope-client-lib-2.0.6.jar:2.0.6]
	at org.apache.cxf.jaxrs.client.ClientProxyImpl.checkResponse(ClientProxyImpl.java:313) ~[cxf-rt-rs-client-3.1.13.jar:3.1.13]
	at org.apache.cxf.jaxrs.client.ClientProxyImpl.handleResponse(ClientProxyImpl.java:876) ~[cxf-rt-rs-client-3.1.13.jar:3.1.13]
	at org.apache.cxf.jaxrs.client.ClientProxyImpl.doChainedInvocation(ClientProxyImpl.java:789) ~[cxf-rt-rs-client-3.1.13.jar:3.1.13]
	at org.apache.cxf.jaxrs.client.ClientProxyImpl.invoke(ClientProxyImpl.java:235) ~[cxf-rt-rs-client-3.1.13.jar:3.1.13]
	at com.sun.proxy.$Proxy356.getForms(Unknown Source) ~[?:?]
	at org.apache.syncope.client.console.rest.UserWorkflowRestClient.getForms(UserWorkflowRestClient.java:31) ~[syncope-client-console-2.0.6.jar:2.0.6]
	at org.apache.syncope.client.console.widgets.ApprovalsWidget$2.getObject(ApprovalsWidget.java:104) ~[syncope-client-console-2.0.6.jar:2.0.6]
	at org.apache.syncope.client.console.widgets.ApprovalsWidget$2.getObject(ApprovalsWidget.java:94) ~[syncope-client-console-2.0.6.jar:2.0.6]
	at org.apache.syncope.client.console.widgets.ApprovalsWidget$1.onTimer(ApprovalsWidget.java:68) ~[syncope-client-console-2.0.6.jar:2.0.6]
	at org.apache.wicket.ajax.AbstractAjaxTimerBehavior.respond(AbstractAjaxTimerBehavior.java:115) ~[wicket-core-7.9.0.jar:7.9.0]
	at org.apache.wicket.ajax.AbstractDefaultAjaxBehavior.onRequest(AbstractDefaultAjaxBehavior.java:601) ~[wicket-core-7.9.0.jar:7.9.0]
	at sun.reflect.GeneratedMethodAccessor294.invoke(Unknown Source) ~[?:?]
	at sun.reflect.DelegatingMethodAccessorImpl.invoke(DelegatingMethodAccessorImpl.java:43) ~[?:1.8.0_144]
	at java.lang.reflect.Method.invoke(Method.java:498) ~[?:1.8.0_144]
	at org.apache.wicket.RequestListenerInterface.internalInvoke(RequestListenerInterface.java:258) ~[wicket-core-7.9.0.jar:7.9.0]
	... 30 more
