19:00:47.729 INFO  org.springframework.web.context.ContextLoader - Root WebApplicationContext: initialization started
19:00:47.922 INFO  org.springframework.web.context.support.XmlWebApplicationContext - Refreshing Root WebApplicationContext: startup date [Wed Nov 08 19:00:47 IST 2017]; root of context hierarchy
19:02:18.103 INFO  org.springframework.web.context.ContextLoader - Root WebApplicationContext: initialization completed in 90362 ms
20:21:13.984 ERROR org.apache.syncope.core.rest.cxf.RestServiceExceptionMapper - Exception thrown
org.apache.catalina.connector.ClientAbortException: java.io.IOException: An established connection was aborted by the software in your host machine
	at org.apache.catalina.connector.OutputBuffer.realWriteBytes(OutputBuffer.java:356) ~[catalina.jar:8.5.23]
	at org.apache.catalina.connector.OutputBuffer.flushByteBuffer(OutputBuffer.java:815) ~[catalina.jar:8.5.23]
	at org.apache.catalina.connector.OutputBuffer.append(OutputBuffer.java:720) ~[catalina.jar:8.5.23]
	at org.apache.catalina.connector.OutputBuffer.writeBytes(OutputBuffer.java:391) ~[catalina.jar:8.5.23]
	at org.apache.catalina.connector.OutputBuffer.write(OutputBuffer.java:369) ~[catalina.jar:8.5.23]
	at org.apache.catalina.connector.CoyoteOutputStream.write(CoyoteOutputStream.java:96) ~[catalina.jar:8.5.23]
	at org.apache.cxf.io.AbstractWrappedOutputStream.write(AbstractWrappedOutputStream.java:51) ~[cxf-core-3.1.13.jar:3.1.13]
	at java.util.zip.GZIPOutputStream.finish(GZIPOutputStream.java:168) ~[?:1.8.0_144]
	at java.util.zip.DeflaterOutputStream.close(DeflaterOutputStream.java:238) ~[?:1.8.0_144]
	at org.apache.cxf.io.AbstractWrappedOutputStream.close(AbstractWrappedOutputStream.java:77) ~[cxf-core-3.1.13.jar:3.1.13]
	at org.apache.cxf.io.AbstractThresholdOutputStream.close(AbstractThresholdOutputStream.java:102) ~[cxf-core-3.1.13.jar:3.1.13]
	at org.apache.cxf.transport.AbstractConduit.close(AbstractConduit.java:56) ~[cxf-core-3.1.13.jar:3.1.13]
	at org.apache.cxf.transport.http.AbstractHTTPDestination$BackChannelConduit.close(AbstractHTTPDestination.java:750) ~[cxf-rt-transports-http-3.1.13.jar:3.1.13]
	at org.apache.cxf.interceptor.MessageSenderInterceptor$MessageSenderEndingInterceptor.handleMessage(MessageSenderInterceptor.java:62) ~[cxf-core-3.1.13.jar:3.1.13]
	at org.apache.cxf.phase.PhaseInterceptorChain.doIntercept(PhaseInterceptorChain.java:308) ~[cxf-core-3.1.13.jar:3.1.13]
	at org.apache.cxf.interceptor.OutgoingChainInterceptor.handleMessage(OutgoingChainInterceptor.java:83) ~[cxf-core-3.1.13.jar:3.1.13]
	at org.apache.cxf.phase.PhaseInterceptorChain.doIntercept(PhaseInterceptorChain.java:308) ~[cxf-core-3.1.13.jar:3.1.13]
	at org.apache.cxf.transport.ChainInitiationObserver.onMessage(ChainInitiationObserver.java:121) ~[cxf-core-3.1.13.jar:3.1.13]
	at org.apache.cxf.transport.http.AbstractHTTPDestination.invoke(AbstractHTTPDestination.java:267) ~[cxf-rt-transports-http-3.1.13.jar:3.1.13]
	at org.apache.cxf.transport.servlet.ServletController.invokeDestination(ServletController.java:234) ~[cxf-rt-transports-http-3.1.13.jar:3.1.13]
	at org.apache.cxf.transport.servlet.ServletController.invoke(ServletController.java:208) ~[cxf-rt-transports-http-3.1.13.jar:3.1.13]
	at org.apache.cxf.transport.servlet.ServletController.invoke(ServletController.java:160) ~[cxf-rt-transports-http-3.1.13.jar:3.1.13]
	at org.apache.cxf.transport.servlet.CXFNonSpringServlet.invoke(CXFNonSpringServlet.java:189) ~[cxf-rt-transports-http-3.1.13.jar:3.1.13]
	at org.apache.cxf.transport.servlet.AbstractHTTPServlet.handleRequest(AbstractHTTPServlet.java:303) ~[cxf-rt-transports-http-3.1.13.jar:3.1.13]
	at org.apache.cxf.transport.servlet.AbstractHTTPServlet.doGet(AbstractHTTPServlet.java:227) ~[cxf-rt-transports-http-3.1.13.jar:3.1.13]
	at javax.servlet.http.HttpServlet.service(HttpServlet.java:635) ~[servlet-api.jar:?]
	at org.apache.cxf.transport.servlet.AbstractHTTPServlet.service(AbstractHTTPServlet.java:278) ~[cxf-rt-transports-http-3.1.13.jar:3.1.13]
	at org.apache.catalina.core.ApplicationFilterChain.internalDoFilter(ApplicationFilterChain.java:231) ~[catalina.jar:8.5.23]
	at org.apache.catalina.core.ApplicationFilterChain.doFilter(ApplicationFilterChain.java:166) ~[catalina.jar:8.5.23]
	at org.apache.tomcat.websocket.server.WsFilter.doFilter(WsFilter.java:52) ~[tomcat-websocket.jar:8.5.23]
	at org.apache.catalina.core.ApplicationFilterChain.internalDoFilter(ApplicationFilterChain.java:193) ~[catalina.jar:8.5.23]
	at org.apache.catalina.core.ApplicationFilterChain.doFilter(ApplicationFilterChain.java:166) ~[catalina.jar:8.5.23]
	at org.springframework.security.web.FilterChainProxy$VirtualFilterChain.doFilter(FilterChainProxy.java:317) ~[spring-security-web-4.2.3.RELEASE.jar:4.2.3.RELEASE]
	at org.springframework.security.web.access.intercept.FilterSecurityInterceptor.invoke(FilterSecurityInterceptor.java:127) ~[spring-security-web-4.2.3.RELEASE.jar:4.2.3.RELEASE]
	at org.springframework.security.web.access.intercept.FilterSecurityInterceptor.doFilter(FilterSecurityInterceptor.java:91) ~[spring-security-web-4.2.3.RELEASE.jar:4.2.3.RELEASE]
	at org.springframework.security.web.FilterChainProxy$VirtualFilterChain.doFilter(FilterChainProxy.java:331) ~[spring-security-web-4.2.3.RELEASE.jar:4.2.3.RELEASE]
	at org.apache.syncope.core.spring.security.MustChangePasswordFilter.doFilter(MustChangePasswordFilter.java:77) ~[syncope-core-spring-2.0.6.jar:2.0.6]
	at org.springframework.security.web.FilterChainProxy$VirtualFilterChain.doFilter(FilterChainProxy.java:331) ~[spring-security-web-4.2.3.RELEASE.jar:4.2.3.RELEASE]
	at org.springframework.security.web.access.ExceptionTranslationFilter.doFilter(ExceptionTranslationFilter.java:114) ~[spring-security-web-4.2.3.RELEASE.jar:4.2.3.RELEASE]
	at org.springframework.security.web.FilterChainProxy$VirtualFilterChain.doFilter(FilterChainProxy.java:331) ~[spring-security-web-4.2.3.RELEASE.jar:4.2.3.RELEASE]
	at org.springframework.security.web.authentication.AnonymousAuthenticationFilter.doFilter(AnonymousAuthenticationFilter.java:111) ~[spring-security-web-4.2.3.RELEASE.jar:4.2.3.RELEASE]
	at org.springframework.security.web.FilterChainProxy$VirtualFilterChain.doFilter(FilterChainProxy.java:331) ~[spring-security-web-4.2.3.RELEASE.jar:4.2.3.RELEASE]
	at org.springframework.security.web.servletapi.SecurityContextHolderAwareRequestFilter.doFilter(SecurityContextHolderAwareRequestFilter.java:170) ~[spring-security-web-4.2.3.RELEASE.jar:4.2.3.RELEASE]
	at org.springframework.security.web.FilterChainProxy$VirtualFilterChain.doFilter(FilterChainProxy.java:331) ~[spring-security-web-4.2.3.RELEASE.jar:4.2.3.RELEASE]
	at org.springframework.security.web.authentication.www.BasicAuthenticationFilter.doFilterInternal(BasicAuthenticationFilter.java:158) ~[spring-security-web-4.2.3.RELEASE.jar:4.2.3.RELEASE]
	at org.springframework.web.filter.OncePerRequestFilter.doFilter(OncePerRequestFilter.java:107) ~[spring-web-4.3.11.RELEASE.jar:4.3.11.RELEASE]
	at org.springframework.security.web.FilterChainProxy$VirtualFilterChain.doFilter(FilterChainProxy.java:331) ~[spring-security-web-4.2.3.RELEASE.jar:4.2.3.RELEASE]
	at org.apache.syncope.core.spring.security.JWTAuthenticationFilter.doFilterInternal(JWTAuthenticationFilter.java:90) ~[syncope-core-spring-2.0.6.jar:2.0.6]
	at org.springframework.web.filter.OncePerRequestFilter.doFilter(OncePerRequestFilter.java:107) ~[spring-web-4.3.11.RELEASE.jar:4.3.11.RELEASE]
	at org.springframework.security.web.FilterChainProxy$VirtualFilterChain.doFilter(FilterChainProxy.java:331) ~[spring-security-web-4.2.3.RELEASE.jar:4.2.3.RELEASE]
	at org.springframework.security.web.context.request.async.WebAsyncManagerIntegrationFilter.doFilterInternal(WebAsyncManagerIntegrationFilter.java:56) ~[spring-security-web-4.2.3.RELEASE.jar:4.2.3.RELEASE]
	at org.springframework.web.filter.OncePerRequestFilter.doFilter(OncePerRequestFilter.java:107) ~[spring-web-4.3.11.RELEASE.jar:4.3.11.RELEASE]
	at org.springframework.security.web.FilterChainProxy$VirtualFilterChain.doFilter(FilterChainProxy.java:331) ~[spring-security-web-4.2.3.RELEASE.jar:4.2.3.RELEASE]
	at org.springframework.security.web.context.SecurityContextPersistenceFilter.doFilter(SecurityContextPersistenceFilter.java:105) ~[spring-security-web-4.2.3.RELEASE.jar:4.2.3.RELEASE]
	at org.springframework.security.web.FilterChainProxy$VirtualFilterChain.doFilter(FilterChainProxy.java:331) ~[spring-security-web-4.2.3.RELEASE.jar:4.2.3.RELEASE]
	at org.springframework.security.web.FilterChainProxy.doFilterInternal(FilterChainProxy.java:214) ~[spring-security-web-4.2.3.RELEASE.jar:4.2.3.RELEASE]
	at org.springframework.security.web.FilterChainProxy.doFilter(FilterChainProxy.java:177) ~[spring-security-web-4.2.3.RELEASE.jar:4.2.3.RELEASE]
	at org.springframework.web.filter.DelegatingFilterProxy.invokeDelegate(DelegatingFilterProxy.java:346) ~[spring-web-4.3.11.RELEASE.jar:4.3.11.RELEASE]
	at org.springframework.web.filter.DelegatingFilterProxy.doFilter(DelegatingFilterProxy.java:262) ~[spring-web-4.3.11.RELEASE.jar:4.3.11.RELEASE]
	at org.apache.catalina.core.ApplicationFilterChain.internalDoFilter(ApplicationFilterChain.java:193) ~[catalina.jar:8.5.23]
	at org.apache.catalina.core.ApplicationFilterChain.doFilter(ApplicationFilterChain.java:166) ~[catalina.jar:8.5.23]
	at org.springframework.web.filter.CharacterEncodingFilter.doFilterInternal(CharacterEncodingFilter.java:197) ~[spring-web-4.3.11.RELEASE.jar:4.3.11.RELEASE]
	at org.springframework.web.filter.OncePerRequestFilter.doFilter(OncePerRequestFilter.java:107) ~[spring-web-4.3.11.RELEASE.jar:4.3.11.RELEASE]
	at org.apache.catalina.core.ApplicationFilterChain.internalDoFilter(ApplicationFilterChain.java:193) ~[catalina.jar:8.5.23]
	at org.apache.catalina.core.ApplicationFilterChain.doFilter(ApplicationFilterChain.java:166) ~[catalina.jar:8.5.23]
	at org.apache.catalina.core.StandardWrapperValve.invoke(StandardWrapperValve.java:199) ~[catalina.jar:8.5.23]
	at org.apache.catalina.core.StandardContextValve.invoke(StandardContextValve.java:96) ~[catalina.jar:8.5.23]
	at org.apache.catalina.authenticator.AuthenticatorBase.invoke(AuthenticatorBase.java:478) ~[catalina.jar:8.5.23]
	at org.apache.catalina.core.StandardHostValve.invoke(StandardHostValve.java:140) ~[catalina.jar:8.5.23]
	at org.apache.catalina.valves.ErrorReportValve.invoke(ErrorReportValve.java:81) ~[catalina.jar:8.5.23]
	at org.apache.catalina.valves.AbstractAccessLogValve.invoke(AbstractAccessLogValve.java:650) ~[catalina.jar:8.5.23]
	at org.apache.catalina.core.StandardEngineValve.invoke(StandardEngineValve.java:87) ~[catalina.jar:8.5.23]
	at org.apache.catalina.connector.CoyoteAdapter.service(CoyoteAdapter.java:342) ~[catalina.jar:8.5.23]
	at org.apache.coyote.http11.Http11Processor.service(Http11Processor.java:803) ~[tomcat-coyote.jar:8.5.23]
	at org.apache.coyote.AbstractProcessorLight.process(AbstractProcessorLight.java:66) ~[tomcat-coyote.jar:8.5.23]
	at org.apache.coyote.AbstractProtocol$ConnectionHandler.process(AbstractProtocol.java:868) ~[tomcat-coyote.jar:8.5.23]
	at org.apache.tomcat.util.net.NioEndpoint$SocketProcessor.doRun(NioEndpoint.java:1459) ~[tomcat-coyote.jar:8.5.23]
	at org.apache.tomcat.util.net.SocketProcessorBase.run(SocketProcessorBase.java:49) ~[tomcat-coyote.jar:8.5.23]
	at java.util.concurrent.ThreadPoolExecutor.runWorker(ThreadPoolExecutor.java:1149) ~[?:1.8.0_144]
	at java.util.concurrent.ThreadPoolExecutor$Worker.run(ThreadPoolExecutor.java:624) ~[?:1.8.0_144]
	at org.apache.tomcat.util.threads.TaskThread$WrappingRunnable.run(TaskThread.java:61) ~[tomcat-util.jar:8.5.23]
	at java.lang.Thread.run(Thread.java:748) [?:1.8.0_144]
Caused by: java.io.IOException: An established connection was aborted by the software in your host machine
	at sun.nio.ch.SocketDispatcher.write0(Native Method) ~[?:1.8.0_144]
	at sun.nio.ch.SocketDispatcher.write(SocketDispatcher.java:51) ~[?:1.8.0_144]
	at sun.nio.ch.IOUtil.writeFromNativeBuffer(IOUtil.java:93) ~[?:1.8.0_144]
	at sun.nio.ch.IOUtil.write(IOUtil.java:65) ~[?:1.8.0_144]
	at sun.nio.ch.SocketChannelImpl.write(SocketChannelImpl.java:471) ~[?:1.8.0_144]
	at org.apache.tomcat.util.net.NioChannel.write(NioChannel.java:134) ~[tomcat-coyote.jar:8.5.23]
	at org.apache.tomcat.util.net.NioBlockingSelector.write(NioBlockingSelector.java:101) ~[tomcat-coyote.jar:8.5.23]
	at org.apache.tomcat.util.net.NioSelectorPool.write(NioSelectorPool.java:157) ~[tomcat-coyote.jar:8.5.23]
	at org.apache.tomcat.util.net.NioEndpoint$NioSocketWrapper.doWrite(NioEndpoint.java:1267) ~[tomcat-coyote.jar:8.5.23]
	at org.apache.tomcat.util.net.SocketWrapperBase.doWrite(SocketWrapperBase.java:670) ~[tomcat-coyote.jar:8.5.23]
	at org.apache.tomcat.util.net.SocketWrapperBase.writeBlocking(SocketWrapperBase.java:450) ~[tomcat-coyote.jar:8.5.23]
	at org.apache.tomcat.util.net.SocketWrapperBase.write(SocketWrapperBase.java:388) ~[tomcat-coyote.jar:8.5.23]
	at org.apache.coyote.http11.Http11OutputBuffer$SocketOutputBuffer.doWrite(Http11OutputBuffer.java:644) ~[tomcat-coyote.jar:8.5.23]
	at org.apache.coyote.http11.filters.ChunkedOutputFilter.doWrite(ChunkedOutputFilter.java:123) ~[tomcat-coyote.jar:8.5.23]
	at org.apache.coyote.http11.Http11OutputBuffer.doWrite(Http11OutputBuffer.java:235) ~[tomcat-coyote.jar:8.5.23]
	at org.apache.coyote.Response.doWrite(Response.java:541) ~[tomcat-coyote.jar:8.5.23]
	at org.apache.catalina.connector.OutputBuffer.realWriteBytes(OutputBuffer.java:351) ~[catalina.jar:8.5.23]
	... 81 more
