19:02:03.636 ERROR Invalid ConnId location: jdbc:postgresql://localhost:5432/syncope
java.lang.IllegalArgumentException: jdbc:postgresql://localhost:5432/syncope is not a valid URI for file or connid(s) schemes
	at org.apache.syncope.core.provisioning.api.utils.URIUtils.buildForConnId(URIUtils.java:49) ~[syncope-core-provisioning-api-2.0.6.jar:?]
	at org.apache.syncope.core.provisioning.java.ConnIdBundleManagerImpl.init(ConnIdBundleManagerImpl.java:86) ~[syncope-core-provisioning-java-2.0.6.jar:2.0.6]
	at org.apache.syncope.core.provisioning.java.ConnIdBundleManagerImpl.getConnManagers(ConnIdBundleManagerImpl.java:195) ~[syncope-core-provisioning-java-2.0.6.jar:2.0.6]
	at org.apache.syncope.core.provisioning.java.ConnectorManager.load(ConnectorManager.java:176) ~[syncope-core-provisioning-java-2.0.6.jar:2.0.6]
	at sun.reflect.NativeMethodAccessorImpl.invoke0(Native Method) ~[?:1.8.0_144]
	at sun.reflect.NativeMethodAccessorImpl.invoke(NativeMethodAccessorImpl.java:62) ~[?:1.8.0_144]
	at sun.reflect.DelegatingMethodAccessorImpl.invoke(DelegatingMethodAccessorImpl.java:43) ~[?:1.8.0_144]
	at java.lang.reflect.Method.invoke(Method.java:498) ~[?:1.8.0_144]
	at org.springframework.aop.support.AopUtils.invokeJoinpointUsingReflection(AopUtils.java:333) ~[spring-aop-4.3.11.RELEASE.jar:4.3.11.RELEASE]
	at org.springframework.aop.framework.ReflectiveMethodInvocation.invokeJoinpoint(ReflectiveMethodInvocation.java:190) ~[spring-aop-4.3.11.RELEASE.jar:4.3.11.RELEASE]
	at org.springframework.aop.framework.ReflectiveMethodInvocation.proceed(ReflectiveMethodInvocation.java:157) ~[spring-aop-4.3.11.RELEASE.jar:4.3.11.RELEASE]
	at org.springframework.transaction.interceptor.TransactionInterceptor$1.proceedWithInvocation(TransactionInterceptor.java:99) ~[spring-tx-4.3.11.RELEASE.jar:4.3.11.RELEASE]
	at org.springframework.transaction.interceptor.TransactionAspectSupport.invokeWithinTransaction(TransactionAspectSupport.java:282) ~[spring-tx-4.3.11.RELEASE.jar:4.3.11.RELEASE]
	at org.springframework.transaction.interceptor.TransactionInterceptor.invoke(TransactionInterceptor.java:96) ~[spring-tx-4.3.11.RELEASE.jar:4.3.11.RELEASE]
	at org.apache.syncope.core.persistence.jpa.spring.DomainTransactionInterceptor.invoke(DomainTransactionInterceptor.java:64) ~[syncope-core-persistence-jpa-2.0.6.jar:2.0.6]
	at org.springframework.aop.framework.ReflectiveMethodInvocation.proceed(ReflectiveMethodInvocation.java:179) ~[spring-aop-4.3.11.RELEASE.jar:4.3.11.RELEASE]
	at org.springframework.aop.framework.JdkDynamicAopProxy.invoke(JdkDynamicAopProxy.java:213) ~[spring-aop-4.3.11.RELEASE.jar:4.3.11.RELEASE]
	at com.sun.proxy.$Proxy198.load(Unknown Source) ~[?:?]
	at org.apache.syncope.core.logic.init.LogicInitializer.afterPropertiesSet(LogicInitializer.java:70) ~[syncope-core-logic-2.0.6.jar:2.0.6]
	at org.springframework.beans.factory.support.AbstractAutowireCapableBeanFactory.invokeInitMethods(AbstractAutowireCapableBeanFactory.java:1687) ~[spring-beans-4.3.11.RELEASE.jar:4.3.11.RELEASE]
	at org.springframework.beans.factory.support.AbstractAutowireCapableBeanFactory.initializeBean(AbstractAutowireCapableBeanFactory.java:1624) ~[spring-beans-4.3.11.RELEASE.jar:4.3.11.RELEASE]
	at org.springframework.beans.factory.support.AbstractAutowireCapableBeanFactory.doCreateBean(AbstractAutowireCapableBeanFactory.java:555) ~[spring-beans-4.3.11.RELEASE.jar:4.3.11.RELEASE]
	at org.springframework.beans.factory.support.AbstractAutowireCapableBeanFactory.createBean(AbstractAutowireCapableBeanFactory.java:483) ~[spring-beans-4.3.11.RELEASE.jar:4.3.11.RELEASE]
	at org.springframework.beans.factory.support.AbstractBeanFactory$1.getObject(AbstractBeanFactory.java:306) ~[spring-beans-4.3.11.RELEASE.jar:4.3.11.RELEASE]
	at org.springframework.beans.factory.support.DefaultSingletonBeanRegistry.getSingleton(DefaultSingletonBeanRegistry.java:230) ~[spring-beans-4.3.11.RELEASE.jar:4.3.11.RELEASE]
	at org.springframework.beans.factory.support.AbstractBeanFactory.doGetBean(AbstractBeanFactory.java:302) ~[spring-beans-4.3.11.RELEASE.jar:4.3.11.RELEASE]
	at org.springframework.beans.factory.support.AbstractBeanFactory.getBean(AbstractBeanFactory.java:197) ~[spring-beans-4.3.11.RELEASE.jar:4.3.11.RELEASE]
	at org.springframework.beans.factory.support.DefaultListableBeanFactory.preInstantiateSingletons(DefaultListableBeanFactory.java:761) ~[spring-beans-4.3.11.RELEASE.jar:4.3.11.RELEASE]
	at org.springframework.context.support.AbstractApplicationContext.finishBeanFactoryInitialization(AbstractApplicationContext.java:867) ~[spring-context-4.3.11.RELEASE.jar:4.3.11.RELEASE]
	at org.springframework.context.support.AbstractApplicationContext.refresh(AbstractApplicationContext.java:543) ~[spring-context-4.3.11.RELEASE.jar:4.3.11.RELEASE]
	at org.springframework.web.context.ContextLoader.configureAndRefreshWebApplicationContext(ContextLoader.java:443) ~[spring-web-4.3.11.RELEASE.jar:4.3.11.RELEASE]
	at org.springframework.web.context.ContextLoader.initWebApplicationContext(ContextLoader.java:325) ~[spring-web-4.3.11.RELEASE.jar:4.3.11.RELEASE]
	at org.springframework.web.context.ContextLoaderListener.contextInitialized(ContextLoaderListener.java:107) ~[spring-web-4.3.11.RELEASE.jar:4.3.11.RELEASE]
	at org.apache.catalina.core.StandardContext.listenerStart(StandardContext.java:4745) ~[catalina.jar:8.5.23]
	at org.apache.catalina.core.StandardContext.startInternal(StandardContext.java:5207) ~[catalina.jar:8.5.23]
	at org.apache.catalina.util.LifecycleBase.start(LifecycleBase.java:150) ~[catalina.jar:8.5.23]
	at org.apache.catalina.core.ContainerBase.addChildInternal(ContainerBase.java:752) ~[catalina.jar:8.5.23]
	at org.apache.catalina.core.ContainerBase.addChild(ContainerBase.java:728) ~[catalina.jar:8.5.23]
	at org.apache.catalina.core.StandardHost.addChild(StandardHost.java:734) ~[catalina.jar:8.5.23]
	at org.apache.catalina.startup.HostConfig.deployDirectory(HostConfig.java:1144) ~[catalina.jar:8.5.23]
	at org.apache.catalina.startup.HostConfig$DeployDirectory.run(HostConfig.java:1878) ~[catalina.jar:8.5.23]
	at java.util.concurrent.Executors$RunnableAdapter.call(Executors.java:511) ~[?:1.8.0_144]
	at java.util.concurrent.FutureTask.run(FutureTask.java:266) ~[?:1.8.0_144]
	at java.util.concurrent.ThreadPoolExecutor.runWorker(ThreadPoolExecutor.java:1149) ~[?:1.8.0_144]
	at java.util.concurrent.ThreadPoolExecutor$Worker.run(ThreadPoolExecutor.java:624) ~[?:1.8.0_144]
	at java.lang.Thread.run(Thread.java:748) [?:1.8.0_144]
