19:00:48.057 INFO  org.springframework.beans.factory.xml.XmlBeanDefinitionReader - Loading XML bean definitions from URL [file:/E:/cygwinx86/usr/local/syncope-standalone-2.0.6/apache-tomcat-8.5.23/webapps/syncope/WEB-INF/classes/coreContext.xml]
19:00:48.160 INFO  org.springframework.beans.factory.xml.XmlBeanDefinitionReader - Loading XML bean definitions from URL [jar:file:/E:/cygwinx86/usr/local/syncope-standalone-2.0.6/apache-tomcat-8.5.23/webapps/syncope/WEB-INF/lib/syncope-core-spring-2.0.6.jar!/securityContext.xml]
19:00:48.315 INFO  org.springframework.security.core.SpringSecurityCoreVersion - You are running with Spring Security Core 4.2.3.RELEASE
19:00:48.338 INFO  org.springframework.security.config.SecurityNamespaceHandler - Spring Security 'config' module version is 4.2.3.RELEASE
19:00:48.397 INFO  org.springframework.security.config.method.GlobalMethodSecurityBeanDefinitionParser - Expressions were enabled for method security but no SecurityExpressionHandler was configured. All hasPermision() expressions will evaluate to false.
19:00:48.538 INFO  org.springframework.security.config.http.HttpSecurityBeanDefinitionParser - Checking sorted filter chain: [Root bean: class [org.springframework.security.web.context.SecurityContextPersistenceFilter]; scope=; abstract=false; lazyInit=false; autowireMode=0; dependencyCheck=0; autowireCandidate=true; primary=false; factoryBeanName=null; factoryMethodName=null; initMethodName=null; destroyMethodName=null, order = 200, Root bean: class [org.springframework.security.web.context.request.async.WebAsyncManagerIntegrationFilter]; scope=; abstract=false; lazyInit=false; autowireMode=0; dependencyCheck=0; autowireCandidate=true; primary=false; factoryBeanName=null; factoryMethodName=null; initMethodName=null; destroyMethodName=null, order = 400, <jwtAuthenticationFilter>, order = 1599, Root bean: class [org.springframework.security.web.authentication.www.BasicAuthenticationFilter]; scope=; abstract=false; lazyInit=false; autowireMode=0; dependencyCheck=0; autowireCandidate=true; primary=false; factoryBeanName=null; factoryMethodName=null; initMethodName=null; destroyMethodName=null, order = 1600, Root bean: class [null]; scope=; abstract=false; lazyInit=false; autowireMode=0; dependencyCheck=0; autowireCandidate=true; primary=false; factoryBeanName=org.springframework.security.config.http.HttpConfigurationBuilder$SecurityContextHolderAwareRequestFilterBeanFactory#0; factoryMethodName=getBean; initMethodName=null; destroyMethodName=null, order = 1800, Root bean: class [org.springframework.security.web.authentication.AnonymousAuthenticationFilter]; scope=; abstract=false; lazyInit=false; autowireMode=0; dependencyCheck=0; autowireCandidate=true; primary=false; factoryBeanName=null; factoryMethodName=null; initMethodName=null; destroyMethodName=null, order = 2100, Root bean: class [org.springframework.security.web.access.ExceptionTranslationFilter]; scope=; abstract=false; lazyInit=false; autowireMode=0; dependencyCheck=0; autowireCandidate=true; primary=false; factoryBeanName=null; factoryMethodName=null; initMethodName=null; destroyMethodName=null, order = 2300, <mustChangePasswordFilter>, order = 2399, <org.springframework.security.web.access.intercept.FilterSecurityInterceptor#0>, order = 2400]
19:00:48.545 INFO  org.springframework.beans.factory.xml.XmlBeanDefinitionReader - Loading XML bean definitions from URL [jar:file:/E:/cygwinx86/usr/local/syncope-standalone-2.0.6/apache-tomcat-8.5.23/webapps/syncope/WEB-INF/lib/syncope-core-logic-2.0.6.jar!/logicContext.xml]
19:00:49.156 INFO  org.springframework.beans.factory.xml.XmlBeanDefinitionReader - Loading XML bean definitions from URL [jar:file:/E:/cygwinx86/usr/local/syncope-standalone-2.0.6/apache-tomcat-8.5.23/webapps/syncope/WEB-INF/lib/syncope-core-rest-cxf-2.0.6.jar!/restCXFContext.xml]
19:00:49.218 INFO  org.springframework.beans.factory.xml.XmlBeanDefinitionReader - Loading XML bean definitions from class path resource [META-INF/cxf/cxf.xml]
19:00:49.245 INFO  org.springframework.beans.factory.xml.XmlBeanDefinitionReader - Loading XML bean definitions from class path resource [META-INF/cxf/cxf-servlet.xml]
19:00:49.440 INFO  org.springframework.beans.factory.xml.XmlBeanDefinitionReader - Loading XML bean definitions from URL [jar:file:/E:/cygwinx86/usr/local/syncope-standalone-2.0.6/apache-tomcat-8.5.23/webapps/syncope/WEB-INF/lib/syncope-core-persistence-jpa-2.0.6.jar!/persistenceContext.xml]
19:00:49.486 INFO  org.springframework.beans.factory.xml.XmlBeanDefinitionReader - Loading XML bean definitions from URL [jar:file:/E:/cygwinx86/usr/local/syncope-standalone-2.0.6/apache-tomcat-8.5.23/webapps/syncope/WEB-INF/lib/syncope-core-persistence-jpa-2.0.6.jar!/domains.xml]
19:00:49.515 INFO  org.springframework.beans.factory.xml.XmlBeanDefinitionReader - Loading XML bean definitions from file [E:\cygwinx86\usr\local\syncope-standalone-2.0.6\apache-tomcat-8.5.23\webapps\syncope\WEB-INF\classes\domains\TwoDomain.xml]
19:00:49.641 INFO  org.springframework.beans.factory.xml.XmlBeanDefinitionReader - Loading XML bean definitions from URL [jar:file:/E:/cygwinx86/usr/local/syncope-standalone-2.0.6/apache-tomcat-8.5.23/webapps/syncope/WEB-INF/lib/syncope-core-persistence-jpa-2.0.6.jar!/domains/MasterDomain.xml]
19:00:50.765 INFO  org.springframework.beans.factory.xml.XmlBeanDefinitionReader - Loading XML bean definitions from URL [jar:file:/E:/cygwinx86/usr/local/syncope-standalone-2.0.6/apache-tomcat-8.5.23/webapps/syncope/WEB-INF/lib/syncope-core-provisioning-java-2.0.6.jar!/provisioningContext.xml]
19:00:51.088 INFO  org.springframework.beans.factory.xml.XmlBeanDefinitionReader - Loading XML bean definitions from URL [jar:file:/E:/cygwinx86/usr/local/syncope-standalone-2.0.6/apache-tomcat-8.5.23/webapps/syncope/WEB-INF/lib/syncope-ext-camel-provisioning-2.0.6.jar!/provisioningCamelContext.xml]
19:00:51.685 INFO  org.springframework.beans.factory.xml.XmlBeanDefinitionReader - Loading XML bean definitions from URL [jar:file:/E:/cygwinx86/usr/local/syncope-standalone-2.0.6/apache-tomcat-8.5.23/webapps/syncope/WEB-INF/lib/syncope-core-workflow-activiti-2.0.6.jar!/workflowActivitiContext.xml]
19:00:51.737 INFO  org.springframework.beans.factory.xml.XmlBeanDefinitionReader - Loading XML bean definitions from URL [jar:file:/E:/cygwinx86/usr/local/syncope-standalone-2.0.6/apache-tomcat-8.5.23/webapps/syncope/WEB-INF/lib/syncope-core-workflow-java-2.0.6.jar!/workflowContext.xml]
19:00:55.282 INFO  org.springframework.context.support.PropertySourcesPlaceholderConfigurer - Properties resource not found: \usr\local\syncope-standalone-2.0.6\apache-tomcat-8.5.23\webapps\syncope\WEB-INF\classes\persistence.properties (The system cannot find the path specified)
19:00:55.282 INFO  org.springframework.context.support.PropertySourcesPlaceholderConfigurer - Properties resource not found: \usr\local\syncope-standalone-2.0.6\apache-tomcat-8.5.23\webapps\syncope\WEB-INF\classes\security.properties (The system cannot find the path specified)
19:00:55.283 INFO  org.springframework.context.support.PropertySourcesPlaceholderConfigurer - Properties resource not found: \usr\local\syncope-standalone-2.0.6\apache-tomcat-8.5.23\webapps\syncope\WEB-INF\classes\connid.properties (The system cannot find the path specified)
19:00:55.283 INFO  org.springframework.context.support.PropertySourcesPlaceholderConfigurer - Properties resource not found: \usr\local\syncope-standalone-2.0.6\apache-tomcat-8.5.23\webapps\syncope\WEB-INF\classes\mail.properties (The system cannot find the path specified)
19:00:55.283 INFO  org.springframework.context.support.PropertySourcesPlaceholderConfigurer - Properties resource not found: \usr\local\syncope-standalone-2.0.6\apache-tomcat-8.5.23\webapps\syncope\WEB-INF\classes\logic.properties (The system cannot find the path specified)
19:00:55.284 INFO  org.springframework.context.support.PropertySourcesPlaceholderConfigurer - Properties resource not found: \usr\local\syncope-standalone-2.0.6\apache-tomcat-8.5.23\webapps\syncope\WEB-INF\classes\workflow.properties (The system cannot find the path specified)
19:00:55.284 INFO  org.springframework.context.support.PropertySourcesPlaceholderConfigurer - Properties resource not found: \usr\local\syncope-standalone-2.0.6\apache-tomcat-8.5.23\webapps\syncope\WEB-INF\classes\provisioning.properties (The system cannot find the path specified)
19:00:56.060 INFO  org.springframework.scheduling.concurrent.ThreadPoolTaskExecutor - Initializing ExecutorService 
19:00:56.060 INFO  org.springframework.context.support.PostProcessorRegistrationDelegate$BeanPostProcessorChecker - Bean 'asyncConnectorFacadeExecutor' of type [org.springframework.scheduling.config.TaskExecutorFactoryBean] is not eligible for getting processed by all BeanPostProcessors (for example: not eligible for auto-proxying)
19:00:56.061 INFO  org.springframework.context.support.PostProcessorRegistrationDelegate$BeanPostProcessorChecker - Bean 'asyncConnectorFacadeExecutor' of type [org.springframework.scheduling.concurrent.ThreadPoolTaskExecutor] is not eligible for getting processed by all BeanPostProcessors (for example: not eligible for auto-proxying)
19:00:57.179 INFO  org.springframework.jndi.JndiObjectFactoryBean - JNDI lookup failed - returning specified default object instead: javax.naming.NameNotFoundException: Name [jdbc/syncopeTwoDataSource] is not bound in this Context. Unable to find [jdbc].
19:00:57.200 INFO  org.springframework.jndi.JndiObjectFactoryBean - JNDI lookup failed - returning specified default object instead: javax.naming.NameNotFoundException: Name [jdbc/syncopeMasterDataSource] is not bound in this Context. Unable to find [jdbc].
19:00:58.968 WARN  openjpa.Runtime - An error occurred while registering a ClassTransformer with PersistenceUnitInfo: name 'Two', root URL [file:/E:/cygwinx86/usr/local/syncope-standalone-2.0.6/apache-tomcat-8.5.23/webapps/syncope/WEB-INF/lib/syncope-core-persistence-jpa-2.0.6.jar]. The error has been consumed. To see it, set your openjpa.Runtime log level to TRACE. Load-time class transformation will not be available.
19:00:59.360 WARN  openjpa.Runtime - An error occurred while registering a ClassTransformer with PersistenceUnitInfo: name 'Master', root URL [file:/E:/cygwinx86/usr/local/syncope-standalone-2.0.6/apache-tomcat-8.5.23/webapps/syncope/WEB-INF/lib/syncope-core-persistence-jpa-2.0.6.jar]. The error has been consumed. To see it, set your openjpa.Runtime log level to TRACE. Load-time class transformation will not be available.
19:01:00.727 INFO  org.springframework.security.web.DefaultSecurityFilterChain - Creating filter chain: org.springframework.security.web.util.matcher.AnyRequestMatcher@1, [org.springframework.security.web.context.SecurityContextPersistenceFilter@4482ee03]
19:01:04.527 INFO  org.springframework.jdbc.datasource.init.ScriptUtils - Executing SQL script from class path resource [quartz/tables_postgres.sql]
19:01:33.450 INFO  org.springframework.jdbc.datasource.init.ScriptUtils - Executed SQL script from class path resource [quartz/tables_postgres.sql] in 28923 ms.
19:01:33.722 INFO  org.quartz.impl.StdSchedulerFactory - Using default implementation for ThreadExecutor
19:01:33.888 INFO  openjpa.Runtime - Starting OpenJPA 2.4.2
19:01:34.084 INFO  openjpa.jdbc.JDBC - Using dictionary class "org.apache.openjpa.jdbc.sql.PostgresDictionary".
19:01:33.824 INFO  org.quartz.core.SchedulerSignalerImpl - Initialized Scheduler Signaller of type: class org.quartz.core.SchedulerSignalerImpl
19:01:33.824 INFO  org.quartz.core.QuartzScheduler - Quartz Scheduler v.2.3.0 created.
19:01:33.848 INFO  org.springframework.scheduling.quartz.LocalDataSourceJobStore - Using db table-based data access locking (synchronization).
19:01:33.856 INFO  org.springframework.scheduling.quartz.LocalDataSourceJobStore - JobStoreCMT initialized.
19:01:33.872 INFO  org.quartz.core.QuartzScheduler - Scheduler meta-data: Quartz Scheduler (v2.3.0) 'scheduler' with instanceId 'CDSTAR-PC1510160493759'
  Scheduler class: 'org.quartz.core.QuartzScheduler' - running locally.
  NOT STARTED.
  Currently in standby mode.
  Number of jobs executed: 0
  Using thread pool 'org.quartz.simpl.SimpleThreadPool' - with 10 threads.
  Using job-store 'org.springframework.scheduling.quartz.LocalDataSourceJobStore' - which supports persistence. and is clustered.

19:01:33.872 INFO  org.quartz.impl.StdSchedulerFactory - Quartz scheduler 'scheduler' initialized from an externally provided properties instance.
19:01:33.872 INFO  org.quartz.impl.StdSchedulerFactory - Quartz scheduler version: 2.3.0
19:01:33.872 INFO  org.quartz.core.QuartzScheduler - JobFactory set to: org.apache.syncope.core.provisioning.java.job.SpringBeanJobFactory@7063a7b0
19:01:34.266 INFO  openjpa.jdbc.JDBC - Connected to PostgreSQL version 9.9 using JDBC driver PostgreSQL JDBC Driver version 42.1.4.jre7. 
19:01:43.737 INFO  org.springframework.scheduling.concurrent.ThreadPoolTaskExecutor - Initializing ExecutorService 
19:01:50.465 INFO  openjpa.Runtime - Starting OpenJPA 2.4.2
19:01:50.466 INFO  openjpa.jdbc.JDBC - Using dictionary class "org.apache.openjpa.jdbc.sql.PostgresDictionary".
19:01:50.491 INFO  openjpa.jdbc.JDBC - Connected to PostgreSQL version 9.9 using JDBC driver PostgreSQL JDBC Driver version 42.1.4.jre7. 
19:01:53.414 INFO  org.springframework.security.web.DefaultSecurityFilterChain - Creating filter chain: org.springframework.security.web.util.matcher.AnyRequestMatcher@1, [org.springframework.security.web.context.SecurityContextPersistenceFilter@3a5a9512, org.springframework.security.web.context.request.async.WebAsyncManagerIntegrationFilter@63af1bf1, org.apache.syncope.core.spring.security.JWTAuthenticationFilter@53f0cab0, org.springframework.security.web.authentication.www.BasicAuthenticationFilter@6a52c152, org.springframework.security.web.servletapi.SecurityContextHolderAwareRequestFilter@4823f28f, org.springframework.security.web.authentication.AnonymousAuthenticationFilter@6a0c0350, org.springframework.security.web.access.ExceptionTranslationFilter@3fb419b3, org.apache.syncope.core.spring.security.MustChangePasswordFilter@9f9c8f, org.springframework.security.web.access.intercept.FilterSecurityInterceptor@1986c4e8]
19:02:03.807 INFO  org.apache.syncope.core.provisioning.java.ConnectorManager - Done loading 0 connectors
19:02:17.345 INFO  org.springframework.jdbc.datasource.init.ScriptUtils - Executing SQL script from class path resource [audit/audit.sql]
19:02:17.348 INFO  org.springframework.jdbc.datasource.init.ScriptUtils - Executed SQL script from class path resource [audit/audit.sql] in 2 ms.
19:02:17.366 INFO  org.springframework.jdbc.datasource.init.ScriptUtils - Executing SQL script from class path resource [audit/audit.sql]
19:02:17.369 INFO  org.springframework.jdbc.datasource.init.ScriptUtils - Executed SQL script from class path resource [audit/audit.sql] in 3 ms.
19:02:18.051 INFO  org.springframework.context.support.DefaultLifecycleProcessor - Starting beans in phase 2147483647
19:02:18.052 INFO  org.springframework.scheduling.quartz.SchedulerFactoryBean - Starting Quartz Scheduler now
19:02:18.061 INFO  org.quartz.core.QuartzScheduler - Scheduler scheduler_$_CDSTAR-PC1510160493759 started.
